[+] Containers:
 |- [+] Container: /Game/Levels/Test
 |   |- [+] ActorDescs:
 |   |   |- Guid:07BD7A1A486C01F1639E8C84BD39C602 BaseClass: NativeClass:/Script/Landscape.LandscapeStreamingProxy Name:LandscapeStreamingProxy_1OWMT3IHVH32K2V4M107BEY71_126_1_0_0 Label:LandscapeStreamingProxy_1_0_0 SpatiallyLoaded:1 Bounds:IsValid=true, Min=(X=-12600.000 Y=-25200.000 Z=0.000), Max=(X=0.000 Y=-12600.000 Z=200.000) RuntimeGrid:None EditorOnly:0 RuntimeOnly:0 HLODRelevant:1
 |   |   |- Guid:22DDA0EC4C0BAC880BD80F8F01EDFFA4 BaseClass: NativeClass:/Script/Landscape.Landscape Name:Landscape_UAID_4CCC6A8FA8A91E6301_2050867984 Label:Landscape SpatiallyLoaded:0 Bounds:IsValid=true, Min=(X=-25200.000 Y=-25200.000 Z=100.000), Max=(X=-25200.000 Y=-25200.000 Z=100.000) RuntimeGrid:None EditorOnly:0 RuntimeOnly:0 HLODRelevant:0
 |   |   |- Guid:30FFB29C485CC50414034FBE5EA81320 BaseClass: NativeClass:/Script/Engine.DirectionalLight Name:DirectionalLight_UAID_4CCC6A8FA8A91E6301_2070993985 Label:DirectionalLight SpatiallyLoaded:0 Bounds:IsValid=true, Min=(X=-4398046511104.000 Y=-4398046511104.000 Z=-4398046511104.000), Max=(X=4398046511104.000 Y=4398046511104.000 Z=4398046511104.000) RuntimeGrid:None EditorOnly:0 RuntimeOnly:0 HLODRelevant:0
 |   |   |- Guid:348E58424C328540DDEA0C83EC68FEFA BaseClass: NativeClass:/Script/Engine.WorldDataLayers Name:WorldDataLayers Label:WorldDataLayers SpatiallyLoaded:0 Bounds:IsValid=true, Min=(X=0.000 Y=0.000 Z=0.000), Max=(X=0.000 Y=0.000 Z=0.000) RuntimeGrid:None EditorOnly:0 RuntimeOnly:0 HLODRelevant:0
 |   |   |- Guid:3770C3B647E46A82AE36D8A3DD5D26DE BaseClass: NativeClass:/Script/Landscape.LandscapeStreamingProxy Name:LandscapeStreamingProxy_1OWMT3IHVH32K2V4M107BEY71_126_1_2_0 Label:LandscapeStreamingProxy_1_2_0 SpatiallyLoaded:1 Bounds:IsValid=true, Min=(X=-12600.000 Y=0.000 Z=0.000), Max=(X=0.000 Y=12600.000 Z=200.000) RuntimeGrid:None EditorOnly:0 RuntimeOnly:0 HLODRelevant:1
 |   |   |- Guid:3A944C80459F59BA9717EE89F8BE0DA9 BaseClass: NativeClass:/Script/Landscape.LandscapeStreamingProxy Name:LandscapeStreamingProxy_1OWMT3IHVH32K2V4M107BEY71_126_2_1_0 Label:LandscapeStreamingProxy_2_1_0 SpatiallyLoaded:1 Bounds:IsValid=true, Min=(X=0.000 Y=-12600.000 Z=0.000), Max=(X=12600.000 Y=0.000 Z=200.000) RuntimeGrid:None EditorOnly:0 RuntimeOnly:0 HLODRelevant:1
 |   |   |- Guid:4FC1E84D49DF149F5DB3C59CADC480F6 BaseClass: NativeClass:/Script/Landscape.LandscapeStreamingProxy Name:LandscapeStreamingProxy_1OWMT3IHVH32K2V4M107BEY71_126_0_3_0 Label:LandscapeStreamingProxy_0_3_0 SpatiallyLoaded:1 Bounds:IsValid=true, Min=(X=-25200.000 Y=12600.000 Z=0.000), Max=(X=-12600.000 Y=25200.000 Z=200.000) RuntimeGrid:None EditorOnly:0 RuntimeOnly:0 HLODRelevant:1
 |   |   |- Guid:5F7408E745EFF6423CC6DCA5E88F420D BaseClass: NativeClass:/Script/Landscape.LandscapeStreamingProxy Name:LandscapeStreamingProxy_1OWMT3IHVH32K2V4M107BEY71_126_2_2_0 Label:LandscapeStreamingProxy_2_2_0 SpatiallyLoaded:1 Bounds:IsValid=true, Min=(X=0.000 Y=0.000 Z=0.000), Max=(X=12600.000 Y=12600.000 Z=4953.906) RuntimeGrid:None EditorOnly:0 RuntimeOnly:0 HLODRelevant:1
 |   |   |- Guid:6804FA504710F2EC596692B653E2F3C4 BaseClass: NativeClass:/Script/Landscape.LandscapeStreamingProxy Name:LandscapeStreamingProxy_1OWMT3IHVH32K2V4M107BEY71_126_0_1_0 Label:LandscapeStreamingProxy_0_1_0 SpatiallyLoaded:1 Bounds:IsValid=true, Min=(X=-25200.000 Y=-12600.000 Z=0.000), Max=(X=-12600.000 Y=0.000 Z=200.000) RuntimeGrid:None EditorOnly:0 RuntimeOnly:0 HLODRelevant:1
 |   |   |- Guid:75B00C0E492B60F056CCB8B2867E7010 BaseClass: NativeClass:/Script/Landscape.LandscapeStreamingProxy Name:LandscapeStreamingProxy_1OWMT3IHVH32K2V4M107BEY71_126_2_0_0 Label:LandscapeStreamingProxy_2_0_0 SpatiallyLoaded:1 Bounds:IsValid=true, Min=(X=0.000 Y=-25200.000 Z=0.000), Max=(X=12600.000 Y=-12600.000 Z=200.000) RuntimeGrid:None EditorOnly:0 RuntimeOnly:0 HLODRelevant:1
 |   |   |- Guid:825BBC624C7E5171CA5B17B6D88D9D10 BaseClass: NativeClass:/Script/Landscape.LandscapeStreamingProxy Name:LandscapeStreamingProxy_1OWMT3IHVH32K2V4M107BEY71_126_3_0_0 Label:LandscapeStreamingProxy_3_0_0 SpatiallyLoaded:1 Bounds:IsValid=true, Min=(X=12600.000 Y=-25200.000 Z=0.000), Max=(X=25200.000 Y=-12600.000 Z=200.000) RuntimeGrid:None EditorOnly:0 RuntimeOnly:0 HLODRelevant:1
 |   |   |- Guid:843545F943E3D0E48AC44F86573189A8 BaseClass: NativeClass:/Script/Landscape.LandscapeStreamingProxy Name:LandscapeStreamingProxy_1OWMT3IHVH32K2V4M107BEY71_126_1_3_0 Label:LandscapeStreamingProxy_1_3_0 SpatiallyLoaded:1 Bounds:IsValid=true, Min=(X=-12600.000 Y=12600.000 Z=0.000), Max=(X=0.000 Y=25200.000 Z=200.000) RuntimeGrid:None EditorOnly:0 RuntimeOnly:0 HLODRelevant:1
 |   |   |- Guid:B2A55FF14A335359E54251A01CBF797A BaseClass: NativeClass:/Script/Landscape.LandscapeStreamingProxy Name:LandscapeStreamingProxy_1OWMT3IHVH32K2V4M107BEY71_126_2_3_0 Label:LandscapeStreamingProxy_2_3_0 SpatiallyLoaded:1 Bounds:IsValid=true, Min=(X=0.000 Y=12600.000 Z=0.000), Max=(X=12600.000 Y=25200.000 Z=200.000) RuntimeGrid:None EditorOnly:0 RuntimeOnly:0 HLODRelevant:1
 |   |   |- Guid:B4C8AFA7496836DB95B7A189A126EB05 BaseClass: NativeClass:/Script/Landscape.LandscapeStreamingProxy Name:LandscapeStreamingProxy_1OWMT3IHVH32K2V4M107BEY71_126_3_2_0 Label:LandscapeStreamingProxy_3_2_0 SpatiallyLoaded:1 Bounds:IsValid=true, Min=(X=12600.000 Y=0.000 Z=0.000), Max=(X=25200.000 Y=12600.000 Z=200.000) RuntimeGrid:None EditorOnly:0 RuntimeOnly:0 HLODRelevant:1
 |   |   |- Guid:D85A59C6495C28E30B09FCAA1E4A67B1 BaseClass: NativeClass:/Script/Landscape.LandscapeStreamingProxy Name:LandscapeStreamingProxy_1OWMT3IHVH32K2V4M107BEY71_126_3_3_0 Label:LandscapeStreamingProxy_3_3_0 SpatiallyLoaded:1 Bounds:IsValid=true, Min=(X=12600.000 Y=12600.000 Z=0.000), Max=(X=25200.000 Y=25200.000 Z=200.000) RuntimeGrid:None EditorOnly:0 RuntimeOnly:0 HLODRelevant:1
 |   |   |- Guid:DDD7372645FFD87E2B3A30A7431B6B87 BaseClass: NativeClass:/Script/Landscape.LandscapeStreamingProxy Name:LandscapeStreamingProxy_1OWMT3IHVH32K2V4M107BEY71_126_0_2_0 Label:LandscapeStreamingProxy_0_2_0 SpatiallyLoaded:1 Bounds:IsValid=true, Min=(X=-25200.000 Y=0.000 Z=0.000), Max=(X=-12600.000 Y=12600.000 Z=200.000) RuntimeGrid:None EditorOnly:0 RuntimeOnly:0 HLODRelevant:1
 |   |   |- Guid:EA9BB7384938AB9E7936BCBB68FF5F67 BaseClass: NativeClass:/Script/Landscape.LandscapeStreamingProxy Name:LandscapeStreamingProxy_1OWMT3IHVH32K2V4M107BEY71_126_0_0_0 Label:LandscapeStreamingProxy_0_0_0 SpatiallyLoaded:1 Bounds:IsValid=true, Min=(X=-25200.000 Y=-25200.000 Z=0.000), Max=(X=-12600.000 Y=-12600.000 Z=200.000) RuntimeGrid:None EditorOnly:0 RuntimeOnly:0 HLODRelevant:1
 |   |   |- Guid:F707867048C2C8291148A8AE9DAC26FE BaseClass: NativeClass:/Script/Landscape.LandscapeStreamingProxy Name:LandscapeStreamingProxy_1OWMT3IHVH32K2V4M107BEY71_126_1_1_0 Label:LandscapeStreamingProxy_1_1_0 SpatiallyLoaded:1 Bounds:IsValid=true, Min=(X=-12600.000 Y=-12600.000 Z=0.000), Max=(X=0.000 Y=0.000 Z=200.000) RuntimeGrid:None EditorOnly:0 RuntimeOnly:0 HLODRelevant:1
 |   |   |- Guid:FEABD1D84E7E3C4CC528D0A008D59EA3 BaseClass: NativeClass:/Script/Landscape.LandscapeStreamingProxy Name:LandscapeStreamingProxy_1OWMT3IHVH32K2V4M107BEY71_126_3_1_0 Label:LandscapeStreamingProxy_3_1_0 SpatiallyLoaded:1 Bounds:IsValid=true, Min=(X=12600.000 Y=-12600.000 Z=0.000), Max=(X=25200.000 Y=0.000 Z=200.000) RuntimeGrid:None EditorOnly:0 RuntimeOnly:0 HLODRelevant:1
 |   |- [+] Clusters:
 |   |   |- [+] [  0]
 |   |   |   |- Guid:4FC1E84D49DF149F5DB3C59CADC480F6 BaseClass: NativeClass:/Script/Landscape.LandscapeStreamingProxy Name:LandscapeStreamingProxy_1OWMT3IHVH32K2V4M107BEY71_126_0_3_0 Label:LandscapeStreamingProxy_0_3_0 SpatiallyLoaded:1 Bounds:IsValid=true, Min=(X=-25200.000 Y=12600.000 Z=0.000), Max=(X=-12600.000 Y=25200.000 Z=200.000) RuntimeGrid:None EditorOnly:0 RuntimeOnly:0 HLODRelevant:1
 |   |   |- [+] [  1]
 |   |   |   |- Guid:348E58424C328540DDEA0C83EC68FEFA BaseClass: NativeClass:/Script/Engine.WorldDataLayers Name:WorldDataLayers Label:WorldDataLayers SpatiallyLoaded:0 Bounds:IsValid=true, Min=(X=0.000 Y=0.000 Z=0.000), Max=(X=0.000 Y=0.000 Z=0.000) RuntimeGrid:None EditorOnly:0 RuntimeOnly:0 HLODRelevant:0
 |   |   |- [+] [  2]
 |   |   |   |- Guid:D85A59C6495C28E30B09FCAA1E4A67B1 BaseClass: NativeClass:/Script/Landscape.LandscapeStreamingProxy Name:LandscapeStreamingProxy_1OWMT3IHVH32K2V4M107BEY71_126_3_3_0 Label:LandscapeStreamingProxy_3_3_0 SpatiallyLoaded:1 Bounds:IsValid=true, Min=(X=12600.000 Y=12600.000 Z=0.000), Max=(X=25200.000 Y=25200.000 Z=200.000) RuntimeGrid:None EditorOnly:0 RuntimeOnly:0 HLODRelevant:1
 |   |   |- [+] [  3]
 |   |   |   |- Guid:5F7408E745EFF6423CC6DCA5E88F420D BaseClass: NativeClass:/Script/Landscape.LandscapeStreamingProxy Name:LandscapeStreamingProxy_1OWMT3IHVH32K2V4M107BEY71_126_2_2_0 Label:LandscapeStreamingProxy_2_2_0 SpatiallyLoaded:1 Bounds:IsValid=true, Min=(X=0.000 Y=0.000 Z=0.000), Max=(X=12600.000 Y=12600.000 Z=4953.906) RuntimeGrid:None EditorOnly:0 RuntimeOnly:0 HLODRelevant:1
 |   |   |- [+] [  4]
 |   |   |   |- Guid:6804FA504710F2EC596692B653E2F3C4 BaseClass: NativeClass:/Script/Landscape.LandscapeStreamingProxy Name:LandscapeStreamingProxy_1OWMT3IHVH32K2V4M107BEY71_126_0_1_0 Label:LandscapeStreamingProxy_0_1_0 SpatiallyLoaded:1 Bounds:IsValid=true, Min=(X=-25200.000 Y=-12600.000 Z=0.000), Max=(X=-12600.000 Y=0.000 Z=200.000) RuntimeGrid:None EditorOnly:0 RuntimeOnly:0 HLODRelevant:1
 |   |   |- [+] [  5]
 |   |   |   |- Guid:DDD7372645FFD87E2B3A30A7431B6B87 BaseClass: NativeClass:/Script/Landscape.LandscapeStreamingProxy Name:LandscapeStreamingProxy_1OWMT3IHVH32K2V4M107BEY71_126_0_2_0 Label:LandscapeStreamingProxy_0_2_0 SpatiallyLoaded:1 Bounds:IsValid=true, Min=(X=-25200.000 Y=0.000 Z=0.000), Max=(X=-12600.000 Y=12600.000 Z=200.000) RuntimeGrid:None EditorOnly:0 RuntimeOnly:0 HLODRelevant:1
 |   |   |- [+] [  6]
 |   |   |   |- Guid:22DDA0EC4C0BAC880BD80F8F01EDFFA4 BaseClass: NativeClass:/Script/Landscape.Landscape Name:Landscape_UAID_4CCC6A8FA8A91E6301_2050867984 Label:Landscape SpatiallyLoaded:0 Bounds:IsValid=true, Min=(X=-25200.000 Y=-25200.000 Z=100.000), Max=(X=-25200.000 Y=-25200.000 Z=100.000) RuntimeGrid:None EditorOnly:0 RuntimeOnly:0 HLODRelevant:0
 |   |   |- [+] [  7]
 |   |   |   |- Guid:30FFB29C485CC50414034FBE5EA81320 BaseClass: NativeClass:/Script/Engine.DirectionalLight Name:DirectionalLight_UAID_4CCC6A8FA8A91E6301_2070993985 Label:DirectionalLight SpatiallyLoaded:0 Bounds:IsValid=true, Min=(X=-4398046511104.000 Y=-4398046511104.000 Z=-4398046511104.000), Max=(X=4398046511104.000 Y=4398046511104.000 Z=4398046511104.000) RuntimeGrid:None EditorOnly:0 RuntimeOnly:0 HLODRelevant:0
 |   |   |- [+] [  8]
 |   |   |   |- Guid:843545F943E3D0E48AC44F86573189A8 BaseClass: NativeClass:/Script/Landscape.LandscapeStreamingProxy Name:LandscapeStreamingProxy_1OWMT3IHVH32K2V4M107BEY71_126_1_3_0 Label:LandscapeStreamingProxy_1_3_0 SpatiallyLoaded:1 Bounds:IsValid=true, Min=(X=-12600.000 Y=12600.000 Z=0.000), Max=(X=0.000 Y=25200.000 Z=200.000) RuntimeGrid:None EditorOnly:0 RuntimeOnly:0 HLODRelevant:1
 |   |   |- [+] [  9]
 |   |   |   |- Guid:B4C8AFA7496836DB95B7A189A126EB05 BaseClass: NativeClass:/Script/Landscape.LandscapeStreamingProxy Name:LandscapeStreamingProxy_1OWMT3IHVH32K2V4M107BEY71_126_3_2_0 Label:LandscapeStreamingProxy_3_2_0 SpatiallyLoaded:1 Bounds:IsValid=true, Min=(X=12600.000 Y=0.000 Z=0.000), Max=(X=25200.000 Y=12600.000 Z=200.000) RuntimeGrid:None EditorOnly:0 RuntimeOnly:0 HLODRelevant:1
 |   |   |- [+] [ 10]
 |   |   |   |- Guid:3A944C80459F59BA9717EE89F8BE0DA9 BaseClass: NativeClass:/Script/Landscape.LandscapeStreamingProxy Name:LandscapeStreamingProxy_1OWMT3IHVH32K2V4M107BEY71_126_2_1_0 Label:LandscapeStreamingProxy_2_1_0 SpatiallyLoaded:1 Bounds:IsValid=true, Min=(X=0.000 Y=-12600.000 Z=0.000), Max=(X=12600.000 Y=0.000 Z=200.000) RuntimeGrid:None EditorOnly:0 RuntimeOnly:0 HLODRelevant:1
 |   |   |- [+] [ 11]
 |   |   |   |- Guid:75B00C0E492B60F056CCB8B2867E7010 BaseClass: NativeClass:/Script/Landscape.LandscapeStreamingProxy Name:LandscapeStreamingProxy_1OWMT3IHVH32K2V4M107BEY71_126_2_0_0 Label:LandscapeStreamingProxy_2_0_0 SpatiallyLoaded:1 Bounds:IsValid=true, Min=(X=0.000 Y=-25200.000 Z=0.000), Max=(X=12600.000 Y=-12600.000 Z=200.000) RuntimeGrid:None EditorOnly:0 RuntimeOnly:0 HLODRelevant:1
 |   |   |- [+] [ 12]
 |   |   |   |- Guid:B2A55FF14A335359E54251A01CBF797A BaseClass: NativeClass:/Script/Landscape.LandscapeStreamingProxy Name:LandscapeStreamingProxy_1OWMT3IHVH32K2V4M107BEY71_126_2_3_0 Label:LandscapeStreamingProxy_2_3_0 SpatiallyLoaded:1 Bounds:IsValid=true, Min=(X=0.000 Y=12600.000 Z=0.000), Max=(X=12600.000 Y=25200.000 Z=200.000) RuntimeGrid:None EditorOnly:0 RuntimeOnly:0 HLODRelevant:1
 |   |   |- [+] [ 13]
 |   |   |   |- Guid:3770C3B647E46A82AE36D8A3DD5D26DE BaseClass: NativeClass:/Script/Landscape.LandscapeStreamingProxy Name:LandscapeStreamingProxy_1OWMT3IHVH32K2V4M107BEY71_126_1_2_0 Label:LandscapeStreamingProxy_1_2_0 SpatiallyLoaded:1 Bounds:IsValid=true, Min=(X=-12600.000 Y=0.000 Z=0.000), Max=(X=0.000 Y=12600.000 Z=200.000) RuntimeGrid:None EditorOnly:0 RuntimeOnly:0 HLODRelevant:1
 |   |   |- [+] [ 14]
 |   |   |   |- Guid:F707867048C2C8291148A8AE9DAC26FE BaseClass: NativeClass:/Script/Landscape.LandscapeStreamingProxy Name:LandscapeStreamingProxy_1OWMT3IHVH32K2V4M107BEY71_126_1_1_0 Label:LandscapeStreamingProxy_1_1_0 SpatiallyLoaded:1 Bounds:IsValid=true, Min=(X=-12600.000 Y=-12600.000 Z=0.000), Max=(X=0.000 Y=0.000 Z=200.000) RuntimeGrid:None EditorOnly:0 RuntimeOnly:0 HLODRelevant:1
 |   |   |- [+] [ 15]
 |   |   |   |- Guid:825BBC624C7E5171CA5B17B6D88D9D10 BaseClass: NativeClass:/Script/Landscape.LandscapeStreamingProxy Name:LandscapeStreamingProxy_1OWMT3IHVH32K2V4M107BEY71_126_3_0_0 Label:LandscapeStreamingProxy_3_0_0 SpatiallyLoaded:1 Bounds:IsValid=true, Min=(X=12600.000 Y=-25200.000 Z=0.000), Max=(X=25200.000 Y=-12600.000 Z=200.000) RuntimeGrid:None EditorOnly:0 RuntimeOnly:0 HLODRelevant:1
 |   |   |- [+] [ 16]
 |   |   |   |- Guid:EA9BB7384938AB9E7936BCBB68FF5F67 BaseClass: NativeClass:/Script/Landscape.LandscapeStreamingProxy Name:LandscapeStreamingProxy_1OWMT3IHVH32K2V4M107BEY71_126_0_0_0 Label:LandscapeStreamingProxy_0_0_0 SpatiallyLoaded:1 Bounds:IsValid=true, Min=(X=-25200.000 Y=-25200.000 Z=0.000), Max=(X=-12600.000 Y=-12600.000 Z=200.000) RuntimeGrid:None EditorOnly:0 RuntimeOnly:0 HLODRelevant:1
 |   |   |- [+] [ 17]
 |   |   |   |- Guid:FEABD1D84E7E3C4CC528D0A008D59EA3 BaseClass: NativeClass:/Script/Landscape.LandscapeStreamingProxy Name:LandscapeStreamingProxy_1OWMT3IHVH32K2V4M107BEY71_126_3_1_0 Label:LandscapeStreamingProxy_3_1_0 SpatiallyLoaded:1 Bounds:IsValid=true, Min=(X=12600.000 Y=-12600.000 Z=0.000), Max=(X=25200.000 Y=0.000 Z=200.000) RuntimeGrid:None EditorOnly:0 RuntimeOnly:0 HLODRelevant:1
 |   |   |- [+] [ 18]
 |   |   |   |- Guid:07BD7A1A486C01F1639E8C84BD39C602 BaseClass: NativeClass:/Script/Landscape.LandscapeStreamingProxy Name:LandscapeStreamingProxy_1OWMT3IHVH32K2V4M107BEY71_126_1_0_0 Label:LandscapeStreamingProxy_1_0_0 SpatiallyLoaded:1 Bounds:IsValid=true, Min=(X=-12600.000 Y=-25200.000 Z=0.000), Max=(X=0.000 Y=-12600.000 Z=200.000) RuntimeGrid:None EditorOnly:0 RuntimeOnly:0 HLODRelevant:1
 |- ContainerInstances:
 |- [+] MainContainer:
 |   |-        ID: 0x0000000000000000
 |   |-    Bounds: IsValid=true, Min=(X=-25200.000 Y=-25200.000 Z=0.000), Max=(X=25200.000 Y=25200.000 Z=4953.906)
 |   |- Transform: 0.000000,0.000000,0.000000|0.000000,0.000000,-0.000000|1.000000,1.000000,1.000000
 |   |- Container: /Game/Levels/Test
----------------------------------------------------------------------------------------------------------------
Test - Persistent Level
----------------------------------------------------------------------------------------------------------------
Always loaded Actor Count: 9 

----------------------------------------------------------------------------------------------------------------
Test - Runtime Spatial Hash - Streaming Grid - MainGrid
----------------------------------------------------------------------------------------------------------------
            Origin: X=0.000 Y=0.000 Z=0.000
         Cell Size: 12800
      World Bounds: IsValid=true, Min=(X=-25200.000 Y=-25200.000 Z=0.000), Max=(X=25200.000 Y=25200.000 Z=4953.906)
     Loading Range: 25600.00
Block Slow Loading: No
 ClientOnlyVisible: No

[+] Grid Levels: 3
 |- Level  0: Cell Count   16 | Cell Size   12800 | Actor Count   16 (100.0%)
 |- Level  1: Cell Count    0 | Cell Size   25600 | Actor Count    0 (0.0%)
 |- Level  2: Cell Count    0 | Cell Size   51200 | Actor Count    0 (0.0%)

[+] Content of Grid Level 0
 |- [+] Content of Cell MainGrid_L0_X-2_Y1
 |   |- Actor Count: 1
 |   |- MinMaxZ: X=0.000 Y=200.000
 |   |- Actor Path: /Game/Levels/Test.Test:PersistentLevel.LandscapeStreamingProxy_1OWMT3IHVH32K2V4M107BEY71_126_0_3_0
 |   |- Actor Package: /Game/__ExternalActors__/Levels/Test/0/0X/YKYA5948B8XUFEVW072C6C
 |- [+] Content of Cell MainGrid_L0_X1_Y1
 |   |- Actor Count: 1
 |   |- MinMaxZ: X=0.000 Y=200.000
 |   |- Actor Path: /Game/Levels/Test.Test:PersistentLevel.LandscapeStreamingProxy_1OWMT3IHVH32K2V4M107BEY71_126_3_3_0
 |   |- Actor Package: /Game/__ExternalActors__/Levels/Test/2/S5/Z594BX4Z6WB3NB5Z7SL5TC
 |- [+] Content of Cell MainGrid_L0_X0_Y0
 |   |- Actor Count: 1
 |   |- MinMaxZ: X=0.000 Y=4953.906
 |   |- Actor Path: /Game/Levels/Test.Test:PersistentLevel.LandscapeStreamingProxy_1OWMT3IHVH32K2V4M107BEY71_126_2_2_0
 |   |- Actor Package: /Game/__ExternalActors__/Levels/Test/5/2N/JWDNGBC987KW8NKCX0FUGT
 |- [+] Content of Cell MainGrid_L0_X-2_Y-1
 |   |- Actor Count: 1
 |   |- MinMaxZ: X=0.000 Y=200.000
 |   |- Actor Path: /Game/Levels/Test.Test:PersistentLevel.LandscapeStreamingProxy_1OWMT3IHVH32K2V4M107BEY71_126_0_1_0
 |   |- Actor Package: /Game/__ExternalActors__/Levels/Test/5/JM/42NKOIZ3A2N7LY3XDZWHD4
 |- [+] Content of Cell MainGrid_L0_X-2_Y0
 |   |- Actor Count: 1
 |   |- MinMaxZ: X=0.000 Y=200.000
 |   |- Actor Path: /Game/Levels/Test.Test:PersistentLevel.LandscapeStreamingProxy_1OWMT3IHVH32K2V4M107BEY71_126_0_2_0
 |   |- Actor Package: /Game/__ExternalActors__/Levels/Test/7/BB/FBFT8OQFVYGWXZCFF23IN2
 |- [+] Content of Cell MainGrid_L0_X-1_Y1
 |   |- Actor Count: 1
 |   |- MinMaxZ: X=0.000 Y=200.000
 |   |- Actor Path: /Game/Levels/Test.Test:PersistentLevel.LandscapeStreamingProxy_1OWMT3IHVH32K2V4M107BEY71_126_1_3_0
 |   |- Actor Package: /Game/__ExternalActors__/Levels/Test/A/JP/N0A12FH9FD8TWOIF842PC1
 |- [+] Content of Cell MainGrid_L0_X1_Y0
 |   |- Actor Count: 1
 |   |- MinMaxZ: X=0.000 Y=200.000
 |   |- Actor Path: /Game/Levels/Test.Test:PersistentLevel.LandscapeStreamingProxy_1OWMT3IHVH32K2V4M107BEY71_126_3_2_0
 |   |- Actor Package: /Game/__ExternalActors__/Levels/Test/A/O4/I93HLTS5YU5964D354X13N
 |- [+] Content of Cell MainGrid_L0_X0_Y-1
 |   |- Actor Count: 1
 |   |- MinMaxZ: X=0.000 Y=200.000
 |   |- Actor Path: /Game/Levels/Test.Test:PersistentLevel.LandscapeStreamingProxy_1OWMT3IHVH32K2V4M107BEY71_126_2_1_0
 |   |- Actor Package: /Game/__ExternalActors__/Levels/Test/A/P8/2R32ICD8SPZW28HUZYWQ8L
 |- [+] Content of Cell MainGrid_L0_X0_Y-2
 |   |- Actor Count: 1
 |   |- MinMaxZ: X=0.000 Y=200.000
 |   |- Actor Path: /Game/Levels/Test.Test:PersistentLevel.LandscapeStreamingProxy_1OWMT3IHVH32K2V4M107BEY71_126_2_0_0
 |   |- Actor Package: /Game/__ExternalActors__/Levels/Test/B/D7/XOBNDN8CGU6RFUVX41Z3JX
 |- [+] Content of Cell MainGrid_L0_X0_Y1
 |   |- Actor Count: 1
 |   |- MinMaxZ: X=0.000 Y=200.000
 |   |- Actor Path: /Game/Levels/Test.Test:PersistentLevel.LandscapeStreamingProxy_1OWMT3IHVH32K2V4M107BEY71_126_2_3_0
 |   |- Actor Package: /Game/__ExternalActors__/Levels/Test/C/6X/E47H7PCFCUY9IYK7O4WQP7
 |- [+] Content of Cell MainGrid_L0_X-1_Y0
 |   |- Actor Count: 1
 |   |- MinMaxZ: X=0.000 Y=200.000
 |   |- Actor Path: /Game/Levels/Test.Test:PersistentLevel.LandscapeStreamingProxy_1OWMT3IHVH32K2V4M107BEY71_126_1_2_0
 |   |- Actor Package: /Game/__ExternalActors__/Levels/Test/C/AR/CBRVUS1R4M1CYLABXNX3X9
 |- [+] Content of Cell MainGrid_L0_X-1_Y-1
 |   |- Actor Count: 1
 |   |- MinMaxZ: X=0.000 Y=200.000
 |   |- Actor Path: /Game/Levels/Test.Test:PersistentLevel.LandscapeStreamingProxy_1OWMT3IHVH32K2V4M107BEY71_126_1_1_0
 |   |- Actor Package: /Game/__ExternalActors__/Levels/Test/C/T1/PSXWRK4ONYQ00WA45J8GQF
 |- [+] Content of Cell MainGrid_L0_X1_Y-2
 |   |- Actor Count: 1
 |   |- MinMaxZ: X=0.000 Y=200.000
 |   |- Actor Path: /Game/Levels/Test.Test:PersistentLevel.LandscapeStreamingProxy_1OWMT3IHVH32K2V4M107BEY71_126_3_0_0
 |   |- Actor Package: /Game/__ExternalActors__/Levels/Test/D/38/WX02G6R91RHEBIB9BA3HES
 |- [+] Content of Cell MainGrid_L0_X-2_Y-2
 |   |- Actor Count: 1
 |   |- MinMaxZ: X=0.000 Y=200.000
 |   |- Actor Path: /Game/Levels/Test.Test:PersistentLevel.LandscapeStreamingProxy_1OWMT3IHVH32K2V4M107BEY71_126_0_0_0
 |   |- Actor Package: /Game/__ExternalActors__/Levels/Test/D/LA/DEMA8YJ3QBHJ4J4RY557SV
 |- [+] Content of Cell MainGrid_L0_X1_Y-1
 |   |- Actor Count: 1
 |   |- MinMaxZ: X=0.000 Y=200.000
 |   |- Actor Path: /Game/Levels/Test.Test:PersistentLevel.LandscapeStreamingProxy_1OWMT3IHVH32K2V4M107BEY71_126_3_1_0
 |   |- Actor Package: /Game/__ExternalActors__/Levels/Test/D/V3/62T4HLIM4ULHMJXN0Z6Q6P
 |- [+] Content of Cell MainGrid_L0_X-1_Y-2
 |   |- Actor Count: 1
 |   |- MinMaxZ: X=0.000 Y=200.000
 |   |- Actor Path: /Game/Levels/Test.Test:PersistentLevel.LandscapeStreamingProxy_1OWMT3IHVH32K2V4M107BEY71_126_1_0_0
 |   |- Actor Package: /Game/__ExternalActors__/Levels/Test/E/RU/VCCMC9JC8CNBNU9G6HODJR
[+] Content of Grid Level 1
[+] Content of Grid Level 2

