[+] Containers:
 |- [+] Container: /Game/Levels/Prologue
 |   |- [+] ActorDescs:
 |   |   |- Guid:0183F9B9445CB2893392CB80C99D75F4 BaseClass: NativeClass:/Script/Landscape.LandscapeStreamingProxy Name:LandscapeStreamingProxy_2VI3EE7Z5E0NLF6GQPF6KFOGM_126_3_0_0 Label:LandscapeStreamingProxy_3_0_0 SpatiallyLoaded:1 Bounds:IsValid=true, Min=(X=51320.000 Y=-25200.000 Z=38490.000), Max=(X=63920.000 Y=-12600.000 Z=38690.000) RuntimeGrid:None EditorOnly:0 RuntimeOnly:0 HLODRelevant:1
 |   |   |- Guid:051EC1C441EA036C613F6B9BBBF1AC64 BaseClass: NativeClass:/Script/Engine.StaticMeshActor Name:StaticMeshActor_UAID_4CCC6A8FA8A9B56901_2015463901 Label:bushes_Plane71 SpatiallyLoaded:1 Bounds:IsValid=true, Min=(X=20101.693 Y=-6250.777 Z=38568.385), Max=(X=20280.947 Y=-6126.559 Z=38886.304) RuntimeGrid:None EditorOnly:0 RuntimeOnly:0 HLODRelevant:1
 |   |   |- Guid:05D0A4954D7C56F4ABC93DAFCE580D98 BaseClass: NativeClass:/Script/Engine.StaticMeshActor Name:StaticMeshActor_UAID_4CCC6A8FA8A9DF6601_1409416251 Label:Cube SpatiallyLoaded:1 Bounds:IsValid=true, Min=(X=31040.000 Y=430.000 Z=38600.000), Max=(X=31140.000 Y=830.000 Z=38700.000) RuntimeGrid:None EditorOnly:0 RuntimeOnly:0 HLODRelevant:1 FolderPath:Gate FolderGuid:F1AF11BE4B58071BA9B67AABDC090BCA
 |   |   |- Guid:0672A4EB47E45785969710AEA58200A2 BaseClass: NativeClass:/Script/Engine.StaticMeshActor Name:StaticMeshActor_UAID_4CCC6A8FA8A9B56901_2015476907 Label:bushes_Plane77 SpatiallyLoaded:1 Bounds:IsValid=true, Min=(X=21031.693 Y=-6250.777 Z=38568.385), Max=(X=21210.947 Y=-6126.559 Z=38886.304) RuntimeGrid:None EditorOnly:0 RuntimeOnly:0 HLODRelevant:1
 |   |   |- Guid:09F0B68D487C42475EB54CA38CD5DBC4 BaseClass: NativeClass:/Script/Engine.StaticMeshActor Name:StaticMeshActor_UAID_4CCC6A8FA8A9B56901_1994635897 Label:bushes_Plane67 SpatiallyLoaded:1 Bounds:IsValid=true, Min=(X=19481.693 Y=-6250.777 Z=38568.385), Max=(X=19660.947 Y=-6126.559 Z=38886.304) RuntimeGrid:None EditorOnly:0 RuntimeOnly:0 HLODRelevant:1
 |   |   |- Guid:0CCFF0D4423DF40CBD6FE9BC34D6B84F BaseClass: NativeClass:/Script/Engine.StaticMeshActor Name:StaticMeshActor_UAID_4CCC6A8FA8A9B16901_1303514191 Label:bushes_Plane64 SpatiallyLoaded:1 Bounds:IsValid=true, Min=(X=19021.693 Y=-6250.777 Z=38568.385), Max=(X=19200.947 Y=-6126.559 Z=38886.304) RuntimeGrid:None EditorOnly:0 RuntimeOnly:0 HLODRelevant:1
 |   |   |- Guid:107D3FC640C373D0E2C46C9536B167B3 BaseClass: NativeClass:/Script/Engine.StaticMeshActor Name:StaticMeshActor_UAID_4CCC6A8FA8A9B56901_2032657920 Label:bushes_Plane90 SpatiallyLoaded:1 Bounds:IsValid=true, Min=(X=20571.693 Y=-6930.777 Z=38568.385), Max=(X=20750.947 Y=-6806.559 Z=38886.304) RuntimeGrid:None EditorOnly:0 RuntimeOnly:0 HLODRelevant:1
 |   |   |- Guid:112C9EBC40AF14D340AE49888ADF6CAC BaseClass: NativeClass:/Script/Engine.StaticMeshActor Name:StaticMeshActor_UAID_4CCC6A8FA8A9B56901_1994639899 Label:bushes_Plane69 SpatiallyLoaded:1 Bounds:IsValid=true, Min=(X=19791.693 Y=-6250.777 Z=38568.385), Max=(X=19970.947 Y=-6126.559 Z=38886.304) RuntimeGrid:None EditorOnly:0 RuntimeOnly:0 HLODRelevant:1
 |   |   |- Guid:11F7FAC84526DAF13D556FB8D822988E BaseClass: NativeClass:/Script/Engine.StaticMeshActor Name:StaticMeshActor_UAID_4CCC6A8FA8A9B56901_2032654918 Label:bushes_Plane88 SpatiallyLoaded:1 Bounds:IsValid=true, Min=(X=20261.693 Y=-6930.777 Z=38568.385), Max=(X=20440.947 Y=-6806.559 Z=38886.304) RuntimeGrid:None EditorOnly:0 RuntimeOnly:0 HLODRelevant:1
 |   |   |- Guid:1312C219423437CC539A298AFC9162F1 BaseClass: NativeClass:/Script/Landscape.LandscapeStreamingProxy Name:LandscapeStreamingProxy_2VI3EE7Z5E0NLF6GQPF6KFOGM_126_0_2_0 Label:LandscapeStreamingProxy_0_2_0 SpatiallyLoaded:1 Bounds:IsValid=true, Min=(X=13520.000 Y=0.000 Z=38490.000), Max=(X=26120.000 Y=12600.000 Z=38690.000) RuntimeGrid:None EditorOnly:0 RuntimeOnly:0 HLODRelevant:1
 |   |   |- Guid:147F5C2E4B68DB878769D69822997F95 BaseClass: NativeClass:/Script/Landscape.LandscapeStreamingProxy Name:LandscapeStreamingProxy_2VI3EE7Z5E0NLF6GQPF6KFOGM_126_1_3_0 Label:LandscapeStreamingProxy_1_3_0 SpatiallyLoaded:1 Bounds:IsValid=true, Min=(X=26120.000 Y=12600.000 Z=38490.000), Max=(X=38720.000 Y=25200.000 Z=38690.000) RuntimeGrid:None EditorOnly:0 RuntimeOnly:0 HLODRelevant:1
 |   |   |- Guid:156CAFD74B1CCDCB82307FA6A7CE43CC BaseClass: NativeClass:/Script/Engine.SkyLight Name:SkyLight_UAID_4CCC6A8FA8A91F6301_1596836159 Label:SkyLight SpatiallyLoaded:0 Bounds:IsValid=true, Min=(X=39720.000 Y=-830.000 Z=58550.000), Max=(X=39720.000 Y=-830.000 Z=58550.000) RuntimeGrid:None EditorOnly:0 RuntimeOnly:0 HLODRelevant:0
 |   |   |- Guid:15DCF1D649488F85A1912AA962A1C321 BaseClass: NativeClass:/Script/Engine.StaticMeshActor Name:StaticMeshActor_UAID_4CCC6A8FA8A9DF6601_1409427257 Label:Cube2 SpatiallyLoaded:1 Bounds:IsValid=true, Min=(X=31040.000 Y=430.000 Z=38950.000), Max=(X=31140.000 Y=830.000 Z=39050.000) RuntimeGrid:None EditorOnly:0 RuntimeOnly:0 HLODRelevant:1 FolderPath:Gate FolderGuid:F1AF11BE4B58071BA9B67AABDC090BCA
 |   |   |- Guid:1FE6AE1E4C7A2C2DF5D9DD838E60D10F BaseClass: NativeClass:/Script/Engine.StaticMeshActor Name:StaticMeshActor_UAID_4CCC6A8FA8A98F6601_1741218044 Label:bushes_Plane63 SpatiallyLoaded:1 Bounds:IsValid=true, Min=(X=18861.693 Y=-6250.777 Z=38568.385), Max=(X=19040.947 Y=-6126.559 Z=38886.304) RuntimeGrid:None EditorOnly:0 RuntimeOnly:0 HLODRelevant:1
 |   |   |- Guid:207D07F3481635C156E362A95CD24A99 BaseClass: NativeClass:/Script/Landscape.LandscapeStreamingProxy Name:LandscapeStreamingProxy_2VI3EE7Z5E0NLF6GQPF6KFOGM_126_1_0_0 Label:LandscapeStreamingProxy_1_0_0 SpatiallyLoaded:1 Bounds:IsValid=true, Min=(X=26120.000 Y=-25200.000 Z=38490.000), Max=(X=38720.000 Y=-12600.000 Z=38690.000) RuntimeGrid:None EditorOnly:0 RuntimeOnly:0 HLODRelevant:1
 |   |   |- Guid:24B1E3AF4032888780E0F1ACF893EF53 BaseClass: NativeClass:/Script/Landscape.Landscape Name:Landscape_UAID_4CCC6A8FA8A91F6301_1133384160 Label:Landscape SpatiallyLoaded:0 Bounds:IsValid=true, Min=(X=13520.000 Y=-25200.000 Z=38590.000), Max=(X=13520.000 Y=-25200.000 Z=38590.000) RuntimeGrid:None EditorOnly:0 RuntimeOnly:0 HLODRelevant:0
 |   |   |- Guid:2520B903490B112B2A4E599DF6F6DBE9 BaseClass: NativeClass:/Script/Engine.StaticMeshActor Name:StaticMeshActor_UAID_4CCC6A8FA8A9B56901_2032655919 Label:bushes_Plane89 SpatiallyLoaded:1 Bounds:IsValid=true, Min=(X=20411.693 Y=-6930.777 Z=38568.385), Max=(X=20590.947 Y=-6806.559 Z=38886.304) RuntimeGrid:None EditorOnly:0 RuntimeOnly:0 HLODRelevant:1
 |   |   |- Guid:2773B0854509AE733614EB8FDD49CB7F BaseClass: NativeClass:/Script/Landscape.LandscapeStreamingProxy Name:LandscapeStreamingProxy_2VI3EE7Z5E0NLF6GQPF6KFOGM_126_2_3_0 Label:LandscapeStreamingProxy_2_3_0 SpatiallyLoaded:1 Bounds:IsValid=true, Min=(X=38720.000 Y=12600.000 Z=38490.000), Max=(X=51320.000 Y=25200.000 Z=38690.000) RuntimeGrid:None EditorOnly:0 RuntimeOnly:0 HLODRelevant:1
 |   |   |- Guid:2858ACD84DBE55DD2C6F249102EECBD5 BaseClass: NativeClass:/Script/Engine.StaticMeshActor Name:StaticMeshActor_UAID_4CCC6A8FA8A9B56901_2032660923 Label:bushes_Plane93 SpatiallyLoaded:1 Bounds:IsValid=true, Min=(X=21031.693 Y=-6930.777 Z=38568.385), Max=(X=21210.947 Y=-6806.559 Z=38886.304) RuntimeGrid:None EditorOnly:0 RuntimeOnly:0 HLODRelevant:1
 |   |   |- Guid:319FB8244B5DABE4283DCD92A2B92CC4 BaseClass: NativeClass:/Script/Engine.StaticMeshActor Name:StaticMeshActor_UAID_4CCC6A8FA8A9B56901_2032648915 Label:bushes_Plane85 SpatiallyLoaded:1 Bounds:IsValid=true, Min=(X=19791.693 Y=-6930.777 Z=38568.385), Max=(X=19970.947 Y=-6806.559 Z=38886.304) RuntimeGrid:None EditorOnly:0 RuntimeOnly:0 HLODRelevant:1
 |   |   |- Guid:33BD7D9749D92D6DE55A3E9592F46FE2 BaseClass: NativeClass:/Script/Landscape.LandscapeStreamingProxy Name:LandscapeStreamingProxy_2VI3EE7Z5E0NLF6GQPF6KFOGM_126_2_1_0 Label:LandscapeStreamingProxy_2_1_0 SpatiallyLoaded:1 Bounds:IsValid=true, Min=(X=38720.000 Y=-12600.000 Z=38490.000), Max=(X=51320.000 Y=0.000 Z=45090.000) RuntimeGrid:None EditorOnly:0 RuntimeOnly:0 HLODRelevant:1
 |   |   |- Guid:48A2E169495A6C96EFDC1180A102FDB1 BaseClass: NativeClass:/Script/Engine.StaticMeshActor Name:StaticMeshActor_UAID_4CCC6A8FA8A9B56901_2015477908 Label:bushes_Plane78 SpatiallyLoaded:1 Bounds:IsValid=true, Min=(X=21191.693 Y=-6250.777 Z=38568.385), Max=(X=21370.947 Y=-6126.559 Z=38886.304) RuntimeGrid:None EditorOnly:0 RuntimeOnly:0 HLODRelevant:1
 |   |   |- Guid:48B6DAD9437FA03F24355280960B7134 BaseClass: NativeClass:/Script/Engine.WorldDataLayers Name:WorldDataLayers Label:WorldDataLayers SpatiallyLoaded:0 Bounds:IsValid=true, Min=(X=0.000 Y=0.000 Z=0.000), Max=(X=0.000 Y=0.000 Z=0.000) RuntimeGrid:None EditorOnly:0 RuntimeOnly:0 HLODRelevant:0
 |   |   |- Guid:4DFECE0448937DE86E05AEB7D12C160F BaseClass: NativeClass:/Script/Landscape.LandscapeStreamingProxy Name:LandscapeStreamingProxy_2VI3EE7Z5E0NLF6GQPF6KFOGM_126_0_1_0 Label:LandscapeStreamingProxy_0_1_0 SpatiallyLoaded:1 Bounds:IsValid=true, Min=(X=13520.000 Y=-12600.000 Z=38490.000), Max=(X=26120.000 Y=0.000 Z=38690.000) RuntimeGrid:None EditorOnly:0 RuntimeOnly:0 HLODRelevant:1
 |   |   |- Guid:4EC91C11449F30BD821E649D53F3D747 BaseClass: NativeClass:/Script/Engine.StaticMeshActor Name:StaticMeshActor_UAID_4CCC6A8FA8A9B56901_2032657921 Label:bushes_Plane91 SpatiallyLoaded:1 Bounds:IsValid=true, Min=(X=20721.693 Y=-6930.777 Z=38568.385), Max=(X=20900.947 Y=-6806.559 Z=38886.304) RuntimeGrid:None EditorOnly:0 RuntimeOnly:0 HLODRelevant:1
 |   |   |- Guid:562DF197436B4ADB8D487A83A6F1B775 BaseClass: NativeClass:/Script/Landscape.LandscapeStreamingProxy Name:LandscapeStreamingProxy_2VI3EE7Z5E0NLF6GQPF6KFOGM_126_2_2_0 Label:LandscapeStreamingProxy_2_2_0 SpatiallyLoaded:1 Bounds:IsValid=true, Min=(X=38720.000 Y=0.000 Z=38590.000), Max=(X=51320.000 Y=12600.000 Z=46756.406) RuntimeGrid:None EditorOnly:0 RuntimeOnly:0 HLODRelevant:1
 |   |   |- Guid:5ABAC11B444A209D63FE23BBF5D7AA57 BaseClass: NativeClass:/Script/Landscape.LandscapeStreamingProxy Name:LandscapeStreamingProxy_2VI3EE7Z5E0NLF6GQPF6KFOGM_126_1_2_0 Label:LandscapeStreamingProxy_1_2_0 SpatiallyLoaded:1 Bounds:IsValid=true, Min=(X=26120.000 Y=0.000 Z=38490.000), Max=(X=38720.000 Y=12600.000 Z=44682.188) RuntimeGrid:None EditorOnly:0 RuntimeOnly:0 HLODRelevant:1
 |   |   |- Guid:5C24C4944B69FBE4652F40ABEAED8BA0 BaseClass: NativeClass:/Script/Landscape.LandscapeStreamingProxy Name:LandscapeStreamingProxy_2VI3EE7Z5E0NLF6GQPF6KFOGM_126_0_3_0 Label:LandscapeStreamingProxy_0_3_0 SpatiallyLoaded:1 Bounds:IsValid=true, Min=(X=13520.000 Y=12600.000 Z=38490.000), Max=(X=26120.000 Y=25200.000 Z=38690.000) RuntimeGrid:None EditorOnly:0 RuntimeOnly:0 HLODRelevant:1
 |   |   |- Guid:5C67490144AEFC31B19EBEA6E7D023BB BaseClass: NativeClass:/Script/Engine.StaticMeshActor Name:StaticMeshActor_UAID_4CCC6A8FA8A9B56901_2015468903 Label:bushes_Plane73 SpatiallyLoaded:1 Bounds:IsValid=true, Min=(X=20411.693 Y=-6250.777 Z=38568.385), Max=(X=20590.947 Y=-6126.559 Z=38886.304) RuntimeGrid:None EditorOnly:0 RuntimeOnly:0 HLODRelevant:1
 |   |   |- Guid:62967276465A287348C85FAB8289F2DB BaseClass: NativeClass:/Script/Engine.StaticMeshActor Name:StaticMeshActor_UAID_4CCC6A8FA8A9B56901_2032660924 Label:bushes_Plane94 SpatiallyLoaded:1 Bounds:IsValid=true, Min=(X=21191.693 Y=-6930.777 Z=38568.385), Max=(X=21370.947 Y=-6806.559 Z=38886.304) RuntimeGrid:None EditorOnly:0 RuntimeOnly:0 HLODRelevant:1
 |   |   |- Guid:66F56CE943951604C9B5C6B2EEB2FD4C BaseClass: NativeClass:/Script/Engine.StaticMeshActor Name:StaticMeshActor_UAID_4CCC6A8FA8A9B56901_1986828895 Label:bushes_Plane65 SpatiallyLoaded:1 Bounds:IsValid=true, Min=(X=19171.693 Y=-6250.777 Z=38568.385), Max=(X=19350.947 Y=-6126.559 Z=38886.304) RuntimeGrid:None EditorOnly:0 RuntimeOnly:0 HLODRelevant:1
 |   |   |- Guid:6939332A4D42122E133D2B8A1856FA01 BaseClass: NativeClass:/Script/Engine.StaticMeshActor Name:StaticMeshActor_UAID_4CCC6A8FA8A9B56901_2032659922 Label:bushes_Plane92 SpatiallyLoaded:1 Bounds:IsValid=true, Min=(X=20881.693 Y=-6930.777 Z=38568.385), Max=(X=21060.947 Y=-6806.559 Z=38886.304) RuntimeGrid:None EditorOnly:0 RuntimeOnly:0 HLODRelevant:1
 |   |   |- Guid:6D9F86CC4AE81D28BEA198A5A7BAC52D BaseClass: NativeClass:/Script/Engine.StaticMeshActor Name:StaticMeshActor_UAID_4CCC6A8FA8A9DF6601_1409424255 Label:Cube6 SpatiallyLoaded:1 Bounds:IsValid=true, Min=(X=31065.000 Y=445.000 Z=38690.000), Max=(X=31115.000 Y=495.000 Z=38990.000) RuntimeGrid:None EditorOnly:0 RuntimeOnly:0 HLODRelevant:1 FolderPath:Gate FolderGuid:F1AF11BE4B58071BA9B67AABDC090BCA
 |   |   |- Guid:7073B71945B3E5B39B387DB0EBA1BC71 BaseClass: NativeClass:/Script/Engine.StaticMeshActor Name:StaticMeshActor_UAID_4CCC6A8FA8A9B56901_2032639910 Label:bushes_Plane80 SpatiallyLoaded:1 Bounds:IsValid=true, Min=(X=19021.693 Y=-6930.777 Z=38568.385), Max=(X=19200.947 Y=-6806.559 Z=38886.304) RuntimeGrid:None EditorOnly:0 RuntimeOnly:0 HLODRelevant:1
 |   |   |- Guid:769FDC394345D343802164BE0A0ACBD7 BaseClass: NativeClass:/Script/Engine.StaticMeshActor Name:StaticMeshActor_UAID_4CCC6A8FA8A9B56901_1986834896 Label:bushes_Plane66 SpatiallyLoaded:1 Bounds:IsValid=true, Min=(X=19331.693 Y=-6250.777 Z=38568.385), Max=(X=19510.947 Y=-6126.559 Z=38886.304) RuntimeGrid:None EditorOnly:0 RuntimeOnly:0 HLODRelevant:1
 |   |   |- Guid:83D4FF1B4800F9E4D5DF849D2F1D935C BaseClass: NativeClass:/Script/Engine.StaticMeshActor Name:StaticMeshActor_UAID_4CCC6A8FA8A9B56901_2032640911 Label:bushes_Plane81 SpatiallyLoaded:1 Bounds:IsValid=true, Min=(X=19171.693 Y=-6930.777 Z=38568.385), Max=(X=19350.947 Y=-6806.559 Z=38886.304) RuntimeGrid:None EditorOnly:0 RuntimeOnly:0 HLODRelevant:1
 |   |   |- Guid:851C30324FCD0C35BB29CC9545CACC8A BaseClass: NativeClass:/Script/Engine.StaticMeshActor Name:StaticMeshActor_UAID_4CCC6A8FA8A94E6601_1700232775 Label:bushes_Plane061 SpatiallyLoaded:1 Bounds:IsValid=true, Min=(X=20371.693 Y=-7057.339 Z=38812.559), Max=(X=20550.947 Y=-6924.873 Z=38936.777) RuntimeGrid:None EditorOnly:0 RuntimeOnly:0 HLODRelevant:1
 |   |   |- Guid:8C181D3C47FD38ECD6F85D9BE0C98492 BaseClass:/Game/Models/MainCharacter/MainCharacter.MainCharacter_C NativeClass:/Script/Engine.Character Name:MainCharacter_C_UAID_4CCC6A8FA8A9DE6601_1949825074 Label:MainCharacter SpatiallyLoaded:1 Bounds:IsValid=true, Min=(X=18826.000 Y=-7044.000 Z=38620.000), Max=(X=18894.000 Y=-6976.000 Z=38796.000) RuntimeGrid:None EditorOnly:0 RuntimeOnly:0 HLODRelevant:0
 |   |   |- Guid:912CB6FF4F5C4F944E2A5D8E37C7D0BA BaseClass: NativeClass:/Script/Engine.StaticMeshActor Name:StaticMeshActor_UAID_4CCC6A8FA8A9B56901_2032642912 Label:bushes_Plane82 SpatiallyLoaded:1 Bounds:IsValid=true, Min=(X=19331.693 Y=-6930.777 Z=38568.385), Max=(X=19510.947 Y=-6806.559 Z=38886.304) RuntimeGrid:None EditorOnly:0 RuntimeOnly:0 HLODRelevant:1
 |   |   |- Guid:92CC04EC4276711142B39693901BB611 BaseClass: NativeClass:/Script/Landscape.LandscapeStreamingProxy Name:LandscapeStreamingProxy_2VI3EE7Z5E0NLF6GQPF6KFOGM_126_0_0_0 Label:LandscapeStreamingProxy_0_0_0 SpatiallyLoaded:1 Bounds:IsValid=true, Min=(X=13520.000 Y=-25200.000 Z=38490.000), Max=(X=26120.000 Y=-12600.000 Z=38690.000) RuntimeGrid:None EditorOnly:0 RuntimeOnly:0 HLODRelevant:1
 |   |   |- Guid:9FC9780049A4769AD34F67B8BCE997CD BaseClass: NativeClass:/Script/Engine.StaticMeshActor Name:StaticMeshActor_UAID_4CCC6A8FA8A9B56901_2015475906 Label:bushes_Plane76 SpatiallyLoaded:1 Bounds:IsValid=true, Min=(X=20881.693 Y=-6250.777 Z=38568.385), Max=(X=21060.947 Y=-6126.559 Z=38886.304) RuntimeGrid:None EditorOnly:0 RuntimeOnly:0 HLODRelevant:1
 |   |   |- Guid:ABC5DEF94678C065A542CF9A69B2D811 BaseClass: NativeClass:/Script/Engine.StaticMeshActor Name:StaticMeshActor_UAID_4CCC6A8FA8A9DF6601_1409421253 Label:Cube5 SpatiallyLoaded:1 Bounds:IsValid=true, Min=(X=31065.000 Y=555.000 Z=38690.000), Max=(X=31115.000 Y=605.000 Z=38990.000) RuntimeGrid:None EditorOnly:0 RuntimeOnly:0 HLODRelevant:1 FolderPath:Gate FolderGuid:F1AF11BE4B58071BA9B67AABDC090BCA
 |   |   |- Guid:B794EE4C49608B8958E9ABAD9E8B88DC BaseClass: NativeClass:/Script/Landscape.LandscapeStreamingProxy Name:LandscapeStreamingProxy_2VI3EE7Z5E0NLF6GQPF6KFOGM_126_1_1_0 Label:LandscapeStreamingProxy_1_1_0 SpatiallyLoaded:1 Bounds:IsValid=true, Min=(X=26120.000 Y=-12600.000 Z=38490.000), Max=(X=38720.000 Y=0.000 Z=44682.188) RuntimeGrid:None EditorOnly:0 RuntimeOnly:0 HLODRelevant:1
 |   |   |- Guid:B8EA9A334520CBE42664ABBD27CC9AA3 BaseClass: NativeClass:/Script/Engine.StaticMeshActor Name:StaticMeshActor_UAID_4CCC6A8FA8A94E6601_1797179777 Label:bushes_Plane11 SpatiallyLoaded:1 Bounds:IsValid=true, Min=(X=20371.522 Y=-7364.841 Z=38659.336), Max=(X=20550.546 Y=-7016.381 Z=38776.314) RuntimeGrid:None EditorOnly:0 RuntimeOnly:0 HLODRelevant:1
 |   |   |- Guid:BA8D173243871E918C24FC91B05451EA BaseClass: NativeClass:/Script/Engine.StaticMeshActor Name:StaticMeshActor_UAID_4CCC6A8FA8A9B56901_2032647914 Label:bushes_Plane84 SpatiallyLoaded:1 Bounds:IsValid=true, Min=(X=19641.693 Y=-6930.777 Z=38568.385), Max=(X=19820.947 Y=-6806.559 Z=38886.304) RuntimeGrid:None EditorOnly:0 RuntimeOnly:0 HLODRelevant:1
 |   |   |- Guid:BE6857DF423F4B1F7DE6FCA76873BD7B BaseClass: NativeClass:/Script/Engine.StaticMeshActor Name:StaticMeshActor_UAID_4CCC6A8FA8A94E6601_1560472773 Label:bushes_Plane10 SpatiallyLoaded:1 Bounds:IsValid=true, Min=(X=20279.454 Y=-6963.619 Z=38659.336), Max=(X=20458.478 Y=-6615.159 Z=38776.314) RuntimeGrid:None EditorOnly:0 RuntimeOnly:0 HLODRelevant:1
 |   |   |- Guid:C2A78852424017A53001EAA002FA92B0 BaseClass: NativeClass:/Script/Engine.StaticMeshActor Name:StaticMeshActor_UAID_4CCC6A8FA8A9B56901_2032650916 Label:bushes_Plane86 SpatiallyLoaded:1 Bounds:IsValid=true, Min=(X=19951.693 Y=-6930.777 Z=38568.385), Max=(X=20130.947 Y=-6806.559 Z=38886.304) RuntimeGrid:None EditorOnly:0 RuntimeOnly:0 HLODRelevant:1
 |   |   |- Guid:C63AE3754E0802BD6E834C9961A972A5 BaseClass: NativeClass:/Script/Engine.StaticMeshActor Name:StaticMeshActor_UAID_4CCC6A8FA8A9B56901_2015473905 Label:bushes_Plane75 SpatiallyLoaded:1 Bounds:IsValid=true, Min=(X=20721.693 Y=-6250.777 Z=38568.385), Max=(X=20900.947 Y=-6126.559 Z=38886.304) RuntimeGrid:None EditorOnly:0 RuntimeOnly:0 HLODRelevant:1
 |   |   |- Guid:D00B33B4437FEC3662E905A10F151230 BaseClass: NativeClass:/Script/Engine.StaticMeshActor Name:StaticMeshActor_UAID_4CCC6A8FA8A9B56901_1405879897 Label:lumberJack SpatiallyLoaded:1 Bounds:IsValid=true, Min=(X=18427.003 Y=-7047.562 Z=38589.612), Max=(X=18612.997 Y=-7012.438 Z=38770.388) RuntimeGrid:None EditorOnly:0 RuntimeOnly:0 HLODRelevant:1
 |   |   |- Guid:D145363B492515F8CD3403B89C7EEBAF BaseClass: NativeClass:/Script/Engine.StaticMeshActor Name:StaticMeshActor_UAID_4CCC6A8FA8A9B56901_2015470904 Label:bushes_Plane74 SpatiallyLoaded:1 Bounds:IsValid=true, Min=(X=20571.693 Y=-6250.777 Z=38568.385), Max=(X=20750.947 Y=-6126.559 Z=38886.304) RuntimeGrid:None EditorOnly:0 RuntimeOnly:0 HLODRelevant:1
 |   |   |- Guid:DA2BF6DA45CA12450B507F9D85DD4341 BaseClass: NativeClass:/Script/Landscape.LandscapeStreamingProxy Name:LandscapeStreamingProxy_2VI3EE7Z5E0NLF6GQPF6KFOGM_126_3_2_0 Label:LandscapeStreamingProxy_3_2_0 SpatiallyLoaded:1 Bounds:IsValid=true, Min=(X=51320.000 Y=0.000 Z=38490.000), Max=(X=63920.000 Y=12600.000 Z=38690.000) RuntimeGrid:None EditorOnly:0 RuntimeOnly:0 HLODRelevant:1
 |   |   |- Guid:E04E9A91467177AE72604EAF78EB751D BaseClass: NativeClass:/Script/Landscape.LandscapeStreamingProxy Name:LandscapeStreamingProxy_2VI3EE7Z5E0NLF6GQPF6KFOGM_126_3_3_0 Label:LandscapeStreamingProxy_3_3_0 SpatiallyLoaded:1 Bounds:IsValid=true, Min=(X=51320.000 Y=12600.000 Z=38490.000), Max=(X=63920.000 Y=25200.000 Z=38690.000) RuntimeGrid:None EditorOnly:0 RuntimeOnly:0 HLODRelevant:1
 |   |   |- Guid:E1367FF2454066997D0CA3A91CD207C0 BaseClass: NativeClass:/Script/Engine.StaticMeshActor Name:StaticMeshActor_UAID_4CCC6A8FA8A9B56901_2032651917 Label:bushes_Plane87 SpatiallyLoaded:1 Bounds:IsValid=true, Min=(X=20101.693 Y=-6930.777 Z=38568.385), Max=(X=20280.947 Y=-6806.559 Z=38886.304) RuntimeGrid:None EditorOnly:0 RuntimeOnly:0 HLODRelevant:1
 |   |   |- Guid:E61E29C6402B07C102CF1E8385DBDF1A BaseClass: NativeClass:/Script/Engine.StaticMeshActor Name:StaticMeshActor_UAID_4CCC6A8FA8A9DF6601_1409425256 Label:Cube3 SpatiallyLoaded:1 Bounds:IsValid=true, Min=(X=31065.000 Y=765.000 Z=38690.000), Max=(X=31115.000 Y=815.000 Z=38990.000) RuntimeGrid:None EditorOnly:0 RuntimeOnly:0 HLODRelevant:1 FolderPath:Gate FolderGuid:F1AF11BE4B58071BA9B67AABDC090BCA
 |   |   |- Guid:EAC55206473F70F65010A8B69C2647EE BaseClass: NativeClass:/Script/Engine.StaticMeshActor Name:StaticMeshActor_UAID_4CCC6A8FA8A9B56901_2032636909 Label:bushes_Plane79 SpatiallyLoaded:1 Bounds:IsValid=true, Min=(X=18861.693 Y=-6930.777 Z=38568.385), Max=(X=19040.947 Y=-6806.559 Z=38886.304) RuntimeGrid:None EditorOnly:0 RuntimeOnly:0 HLODRelevant:1
 |   |   |- Guid:ED314E9A4799A69303498D80DC582E79 BaseClass: NativeClass:/Script/Engine.StaticMeshActor Name:StaticMeshActor_UAID_4CCC6A8FA8A9B56901_1994640900 Label:bushes_Plane70 SpatiallyLoaded:1 Bounds:IsValid=true, Min=(X=19951.693 Y=-6250.777 Z=38568.385), Max=(X=20130.947 Y=-6126.559 Z=38886.304) RuntimeGrid:None EditorOnly:0 RuntimeOnly:0 HLODRelevant:1
 |   |   |- Guid:EDAE0809402421879A205488D801DE9E BaseClass: NativeClass:/Script/Engine.StaticMeshActor Name:StaticMeshActor_UAID_4CCC6A8FA8A9B56901_2032644913 Label:bushes_Plane83 SpatiallyLoaded:1 Bounds:IsValid=true, Min=(X=19481.693 Y=-6930.777 Z=38568.385), Max=(X=19660.947 Y=-6806.559 Z=38886.304) RuntimeGrid:None EditorOnly:0 RuntimeOnly:0 HLODRelevant:1
 |   |   |- Guid:EF380C7A4BF99EE1FC163387B7FF49F4 BaseClass: NativeClass:/Script/Engine.StaticMeshActor Name:StaticMeshActor_UAID_4CCC6A8FA8A9DF6601_1409423254 Label:Cube4 SpatiallyLoaded:1 Bounds:IsValid=true, Min=(X=31065.000 Y=665.000 Z=38690.000), Max=(X=31115.000 Y=715.000 Z=38990.000) RuntimeGrid:None EditorOnly:0 RuntimeOnly:0 HLODRelevant:1 FolderPath:Gate FolderGuid:F1AF11BE4B58071BA9B67AABDC090BCA
 |   |   |- Guid:F4C8A54E4735D9D133D2CDA839710E8A BaseClass: NativeClass:/Script/Engine.StaticMeshActor Name:StaticMeshActor_UAID_4CCC6A8FA8A9B56901_1994637898 Label:bushes_Plane68 SpatiallyLoaded:1 Bounds:IsValid=true, Min=(X=19641.693 Y=-6250.777 Z=38568.385), Max=(X=19820.947 Y=-6126.559 Z=38886.304) RuntimeGrid:None EditorOnly:0 RuntimeOnly:0 HLODRelevant:1
 |   |   |- Guid:F84DD2A740C7AA5C4F7CDDA8D67251E4 BaseClass: NativeClass:/Script/Engine.DirectionalLight Name:DirectionalLight_UAID_4CCC6A8FA8A91F6301_1148685161 Label:DirectionalLight SpatiallyLoaded:0 Bounds:IsValid=true, Min=(X=-4398046511104.000 Y=-4398046511104.000 Z=-4398046511104.000), Max=(X=4398046511104.000 Y=4398046511104.000 Z=4398046511104.000) RuntimeGrid:None EditorOnly:0 RuntimeOnly:0 HLODRelevant:0
 |   |   |- Guid:FB6863B94DA79D48B36D2FA90BE526E4 BaseClass: NativeClass:/Script/Landscape.LandscapeStreamingProxy Name:LandscapeStreamingProxy_2VI3EE7Z5E0NLF6GQPF6KFOGM_126_2_0_0 Label:LandscapeStreamingProxy_2_0_0 SpatiallyLoaded:1 Bounds:IsValid=true, Min=(X=38720.000 Y=-25200.000 Z=38490.000), Max=(X=51320.000 Y=-12600.000 Z=38690.000) RuntimeGrid:None EditorOnly:0 RuntimeOnly:0 HLODRelevant:1
 |   |   |- Guid:FD8B396148AE347BC567F79BB3623CAD BaseClass: NativeClass:/Script/Engine.StaticMeshActor Name:StaticMeshActor_UAID_4CCC6A8FA8A9B56901_2015466902 Label:bushes_Plane72 SpatiallyLoaded:1 Bounds:IsValid=true, Min=(X=20261.693 Y=-6250.777 Z=38568.385), Max=(X=20440.947 Y=-6126.559 Z=38886.304) RuntimeGrid:None EditorOnly:0 RuntimeOnly:0 HLODRelevant:1
 |   |   |- Guid:FF7032DD4C0F6B2051DB92940416B116 BaseClass: NativeClass:/Script/Landscape.LandscapeStreamingProxy Name:LandscapeStreamingProxy_2VI3EE7Z5E0NLF6GQPF6KFOGM_126_3_1_0 Label:LandscapeStreamingProxy_3_1_0 SpatiallyLoaded:1 Bounds:IsValid=true, Min=(X=51320.000 Y=-12600.000 Z=38490.000), Max=(X=63920.000 Y=0.000 Z=38690.000) RuntimeGrid:None EditorOnly:0 RuntimeOnly:0 HLODRelevant:1
 |   |- [+] Clusters:
 |   |   |- [+] [  0]
 |   |   |   |- Guid:4DFECE0448937DE86E05AEB7D12C160F BaseClass: NativeClass:/Script/Landscape.LandscapeStreamingProxy Name:LandscapeStreamingProxy_2VI3EE7Z5E0NLF6GQPF6KFOGM_126_0_1_0 Label:LandscapeStreamingProxy_0_1_0 SpatiallyLoaded:1 Bounds:IsValid=true, Min=(X=13520.000 Y=-12600.000 Z=38490.000), Max=(X=26120.000 Y=0.000 Z=38690.000) RuntimeGrid:None EditorOnly:0 RuntimeOnly:0 HLODRelevant:1
 |   |   |- [+] [  1]
 |   |   |   |- Guid:D00B33B4437FEC3662E905A10F151230 BaseClass: NativeClass:/Script/Engine.StaticMeshActor Name:StaticMeshActor_UAID_4CCC6A8FA8A9B56901_1405879897 Label:lumberJack SpatiallyLoaded:1 Bounds:IsValid=true, Min=(X=18427.003 Y=-7047.562 Z=38589.612), Max=(X=18612.997 Y=-7012.438 Z=38770.388) RuntimeGrid:None EditorOnly:0 RuntimeOnly:0 HLODRelevant:1
 |   |   |- [+] [  2]
 |   |   |   |- Guid:5C24C4944B69FBE4652F40ABEAED8BA0 BaseClass: NativeClass:/Script/Landscape.LandscapeStreamingProxy Name:LandscapeStreamingProxy_2VI3EE7Z5E0NLF6GQPF6KFOGM_126_0_3_0 Label:LandscapeStreamingProxy_0_3_0 SpatiallyLoaded:1 Bounds:IsValid=true, Min=(X=13520.000 Y=12600.000 Z=38490.000), Max=(X=26120.000 Y=25200.000 Z=38690.000) RuntimeGrid:None EditorOnly:0 RuntimeOnly:0 HLODRelevant:1
 |   |   |- [+] [  3]
 |   |   |   |- Guid:2773B0854509AE733614EB8FDD49CB7F BaseClass: NativeClass:/Script/Landscape.LandscapeStreamingProxy Name:LandscapeStreamingProxy_2VI3EE7Z5E0NLF6GQPF6KFOGM_126_2_3_0 Label:LandscapeStreamingProxy_2_3_0 SpatiallyLoaded:1 Bounds:IsValid=true, Min=(X=38720.000 Y=12600.000 Z=38490.000), Max=(X=51320.000 Y=25200.000 Z=38690.000) RuntimeGrid:None EditorOnly:0 RuntimeOnly:0 HLODRelevant:1
 |   |   |- [+] [  4]
 |   |   |   |- Guid:1312C219423437CC539A298AFC9162F1 BaseClass: NativeClass:/Script/Landscape.LandscapeStreamingProxy Name:LandscapeStreamingProxy_2VI3EE7Z5E0NLF6GQPF6KFOGM_126_0_2_0 Label:LandscapeStreamingProxy_0_2_0 SpatiallyLoaded:1 Bounds:IsValid=true, Min=(X=13520.000 Y=0.000 Z=38490.000), Max=(X=26120.000 Y=12600.000 Z=38690.000) RuntimeGrid:None EditorOnly:0 RuntimeOnly:0 HLODRelevant:1
 |   |   |- [+] [  5]
 |   |   |   |- Guid:207D07F3481635C156E362A95CD24A99 BaseClass: NativeClass:/Script/Landscape.LandscapeStreamingProxy Name:LandscapeStreamingProxy_2VI3EE7Z5E0NLF6GQPF6KFOGM_126_1_0_0 Label:LandscapeStreamingProxy_1_0_0 SpatiallyLoaded:1 Bounds:IsValid=true, Min=(X=26120.000 Y=-25200.000 Z=38490.000), Max=(X=38720.000 Y=-12600.000 Z=38690.000) RuntimeGrid:None EditorOnly:0 RuntimeOnly:0 HLODRelevant:1
 |   |   |- [+] [  6]
 |   |   |   |- Guid:DA2BF6DA45CA12450B507F9D85DD4341 BaseClass: NativeClass:/Script/Landscape.LandscapeStreamingProxy Name:LandscapeStreamingProxy_2VI3EE7Z5E0NLF6GQPF6KFOGM_126_3_2_0 Label:LandscapeStreamingProxy_3_2_0 SpatiallyLoaded:1 Bounds:IsValid=true, Min=(X=51320.000 Y=0.000 Z=38490.000), Max=(X=63920.000 Y=12600.000 Z=38690.000) RuntimeGrid:None EditorOnly:0 RuntimeOnly:0 HLODRelevant:1
 |   |   |- [+] [  7]
 |   |   |   |- Guid:24B1E3AF4032888780E0F1ACF893EF53 BaseClass: NativeClass:/Script/Landscape.Landscape Name:Landscape_UAID_4CCC6A8FA8A91F6301_1133384160 Label:Landscape SpatiallyLoaded:0 Bounds:IsValid=true, Min=(X=13520.000 Y=-25200.000 Z=38590.000), Max=(X=13520.000 Y=-25200.000 Z=38590.000) RuntimeGrid:None EditorOnly:0 RuntimeOnly:0 HLODRelevant:0
 |   |   |- [+] [  8]
 |   |   |   |- Guid:E04E9A91467177AE72604EAF78EB751D BaseClass: NativeClass:/Script/Landscape.LandscapeStreamingProxy Name:LandscapeStreamingProxy_2VI3EE7Z5E0NLF6GQPF6KFOGM_126_3_3_0 Label:LandscapeStreamingProxy_3_3_0 SpatiallyLoaded:1 Bounds:IsValid=true, Min=(X=51320.000 Y=12600.000 Z=38490.000), Max=(X=63920.000 Y=25200.000 Z=38690.000) RuntimeGrid:None EditorOnly:0 RuntimeOnly:0 HLODRelevant:1
 |   |   |- [+] [  9]
 |   |   |   |- Guid:BE6857DF423F4B1F7DE6FCA76873BD7B BaseClass: NativeClass:/Script/Engine.StaticMeshActor Name:StaticMeshActor_UAID_4CCC6A8FA8A94E6601_1560472773 Label:bushes_Plane10 SpatiallyLoaded:1 Bounds:IsValid=true, Min=(X=20279.454 Y=-6963.619 Z=38659.336), Max=(X=20458.478 Y=-6615.159 Z=38776.314) RuntimeGrid:None EditorOnly:0 RuntimeOnly:0 HLODRelevant:1
 |   |   |- [+] [ 10]
 |   |   |   |- Guid:B8EA9A334520CBE42664ABBD27CC9AA3 BaseClass: NativeClass:/Script/Engine.StaticMeshActor Name:StaticMeshActor_UAID_4CCC6A8FA8A94E6601_1797179777 Label:bushes_Plane11 SpatiallyLoaded:1 Bounds:IsValid=true, Min=(X=20371.522 Y=-7364.841 Z=38659.336), Max=(X=20550.546 Y=-7016.381 Z=38776.314) RuntimeGrid:None EditorOnly:0 RuntimeOnly:0 HLODRelevant:1
 |   |   |- [+] [ 11]
 |   |   |   |- Guid:851C30324FCD0C35BB29CC9545CACC8A BaseClass: NativeClass:/Script/Engine.StaticMeshActor Name:StaticMeshActor_UAID_4CCC6A8FA8A94E6601_1700232775 Label:bushes_Plane061 SpatiallyLoaded:1 Bounds:IsValid=true, Min=(X=20371.693 Y=-7057.339 Z=38812.559), Max=(X=20550.947 Y=-6924.873 Z=38936.777) RuntimeGrid:None EditorOnly:0 RuntimeOnly:0 HLODRelevant:1
 |   |   |- [+] [ 12]
 |   |   |   |- Guid:FB6863B94DA79D48B36D2FA90BE526E4 BaseClass: NativeClass:/Script/Landscape.LandscapeStreamingProxy Name:LandscapeStreamingProxy_2VI3EE7Z5E0NLF6GQPF6KFOGM_126_2_0_0 Label:LandscapeStreamingProxy_2_0_0 SpatiallyLoaded:1 Bounds:IsValid=true, Min=(X=38720.000 Y=-25200.000 Z=38490.000), Max=(X=51320.000 Y=-12600.000 Z=38690.000) RuntimeGrid:None EditorOnly:0 RuntimeOnly:0 HLODRelevant:1
 |   |   |- [+] [ 13]
 |   |   |   |- Guid:92CC04EC4276711142B39693901BB611 BaseClass: NativeClass:/Script/Landscape.LandscapeStreamingProxy Name:LandscapeStreamingProxy_2VI3EE7Z5E0NLF6GQPF6KFOGM_126_0_0_0 Label:LandscapeStreamingProxy_0_0_0 SpatiallyLoaded:1 Bounds:IsValid=true, Min=(X=13520.000 Y=-25200.000 Z=38490.000), Max=(X=26120.000 Y=-12600.000 Z=38690.000) RuntimeGrid:None EditorOnly:0 RuntimeOnly:0 HLODRelevant:1
 |   |   |- [+] [ 14]
 |   |   |   |- Guid:B794EE4C49608B8958E9ABAD9E8B88DC BaseClass: NativeClass:/Script/Landscape.LandscapeStreamingProxy Name:LandscapeStreamingProxy_2VI3EE7Z5E0NLF6GQPF6KFOGM_126_1_1_0 Label:LandscapeStreamingProxy_1_1_0 SpatiallyLoaded:1 Bounds:IsValid=true, Min=(X=26120.000 Y=-12600.000 Z=38490.000), Max=(X=38720.000 Y=0.000 Z=44682.188) RuntimeGrid:None EditorOnly:0 RuntimeOnly:0 HLODRelevant:1
 |   |   |- [+] [ 15]
 |   |   |   |- Guid:1FE6AE1E4C7A2C2DF5D9DD838E60D10F BaseClass: NativeClass:/Script/Engine.StaticMeshActor Name:StaticMeshActor_UAID_4CCC6A8FA8A98F6601_1741218044 Label:bushes_Plane63 SpatiallyLoaded:1 Bounds:IsValid=true, Min=(X=18861.693 Y=-6250.777 Z=38568.385), Max=(X=19040.947 Y=-6126.559 Z=38886.304) RuntimeGrid:None EditorOnly:0 RuntimeOnly:0 HLODRelevant:1
 |   |   |- [+] [ 16]
 |   |   |   |- Guid:0183F9B9445CB2893392CB80C99D75F4 BaseClass: NativeClass:/Script/Landscape.LandscapeStreamingProxy Name:LandscapeStreamingProxy_2VI3EE7Z5E0NLF6GQPF6KFOGM_126_3_0_0 Label:LandscapeStreamingProxy_3_0_0 SpatiallyLoaded:1 Bounds:IsValid=true, Min=(X=51320.000 Y=-25200.000 Z=38490.000), Max=(X=63920.000 Y=-12600.000 Z=38690.000) RuntimeGrid:None EditorOnly:0 RuntimeOnly:0 HLODRelevant:1
 |   |   |- [+] [ 17]
 |   |   |   |- Guid:562DF197436B4ADB8D487A83A6F1B775 BaseClass: NativeClass:/Script/Landscape.LandscapeStreamingProxy Name:LandscapeStreamingProxy_2VI3EE7Z5E0NLF6GQPF6KFOGM_126_2_2_0 Label:LandscapeStreamingProxy_2_2_0 SpatiallyLoaded:1 Bounds:IsValid=true, Min=(X=38720.000 Y=0.000 Z=38590.000), Max=(X=51320.000 Y=12600.000 Z=46756.406) RuntimeGrid:None EditorOnly:0 RuntimeOnly:0 HLODRelevant:1
 |   |   |- [+] [ 18]
 |   |   |   |- Guid:147F5C2E4B68DB878769D69822997F95 BaseClass: NativeClass:/Script/Landscape.LandscapeStreamingProxy Name:LandscapeStreamingProxy_2VI3EE7Z5E0NLF6GQPF6KFOGM_126_1_3_0 Label:LandscapeStreamingProxy_1_3_0 SpatiallyLoaded:1 Bounds:IsValid=true, Min=(X=26120.000 Y=12600.000 Z=38490.000), Max=(X=38720.000 Y=25200.000 Z=38690.000) RuntimeGrid:None EditorOnly:0 RuntimeOnly:0 HLODRelevant:1
 |   |   |- [+] [ 19]
 |   |   |   |- Guid:33BD7D9749D92D6DE55A3E9592F46FE2 BaseClass: NativeClass:/Script/Landscape.LandscapeStreamingProxy Name:LandscapeStreamingProxy_2VI3EE7Z5E0NLF6GQPF6KFOGM_126_2_1_0 Label:LandscapeStreamingProxy_2_1_0 SpatiallyLoaded:1 Bounds:IsValid=true, Min=(X=38720.000 Y=-12600.000 Z=38490.000), Max=(X=51320.000 Y=0.000 Z=45090.000) RuntimeGrid:None EditorOnly:0 RuntimeOnly:0 HLODRelevant:1
 |   |   |- [+] [ 20]
 |   |   |   |- Guid:5ABAC11B444A209D63FE23BBF5D7AA57 BaseClass: NativeClass:/Script/Landscape.LandscapeStreamingProxy Name:LandscapeStreamingProxy_2VI3EE7Z5E0NLF6GQPF6KFOGM_126_1_2_0 Label:LandscapeStreamingProxy_1_2_0 SpatiallyLoaded:1 Bounds:IsValid=true, Min=(X=26120.000 Y=0.000 Z=38490.000), Max=(X=38720.000 Y=12600.000 Z=44682.188) RuntimeGrid:None EditorOnly:0 RuntimeOnly:0 HLODRelevant:1
 |   |   |- [+] [ 21]
 |   |   |   |- Guid:05D0A4954D7C56F4ABC93DAFCE580D98 BaseClass: NativeClass:/Script/Engine.StaticMeshActor Name:StaticMeshActor_UAID_4CCC6A8FA8A9DF6601_1409416251 Label:Cube SpatiallyLoaded:1 Bounds:IsValid=true, Min=(X=31040.000 Y=430.000 Z=38600.000), Max=(X=31140.000 Y=830.000 Z=38700.000) RuntimeGrid:None EditorOnly:0 RuntimeOnly:0 HLODRelevant:1 FolderPath:Gate FolderGuid:F1AF11BE4B58071BA9B67AABDC090BCA
 |   |   |- [+] [ 22]
 |   |   |   |- Guid:E61E29C6402B07C102CF1E8385DBDF1A BaseClass: NativeClass:/Script/Engine.StaticMeshActor Name:StaticMeshActor_UAID_4CCC6A8FA8A9DF6601_1409425256 Label:Cube3 SpatiallyLoaded:1 Bounds:IsValid=true, Min=(X=31065.000 Y=765.000 Z=38690.000), Max=(X=31115.000 Y=815.000 Z=38990.000) RuntimeGrid:None EditorOnly:0 RuntimeOnly:0 HLODRelevant:1 FolderPath:Gate FolderGuid:F1AF11BE4B58071BA9B67AABDC090BCA
 |   |   |- [+] [ 23]
 |   |   |   |- Guid:156CAFD74B1CCDCB82307FA6A7CE43CC BaseClass: NativeClass:/Script/Engine.SkyLight Name:SkyLight_UAID_4CCC6A8FA8A91F6301_1596836159 Label:SkyLight SpatiallyLoaded:0 Bounds:IsValid=true, Min=(X=39720.000 Y=-830.000 Z=58550.000), Max=(X=39720.000 Y=-830.000 Z=58550.000) RuntimeGrid:None EditorOnly:0 RuntimeOnly:0 HLODRelevant:0
 |   |   |- [+] [ 24]
 |   |   |   |- Guid:EF380C7A4BF99EE1FC163387B7FF49F4 BaseClass: NativeClass:/Script/Engine.StaticMeshActor Name:StaticMeshActor_UAID_4CCC6A8FA8A9DF6601_1409423254 Label:Cube4 SpatiallyLoaded:1 Bounds:IsValid=true, Min=(X=31065.000 Y=665.000 Z=38690.000), Max=(X=31115.000 Y=715.000 Z=38990.000) RuntimeGrid:None EditorOnly:0 RuntimeOnly:0 HLODRelevant:1 FolderPath:Gate FolderGuid:F1AF11BE4B58071BA9B67AABDC090BCA
 |   |   |- [+] [ 25]
 |   |   |   |- Guid:F84DD2A740C7AA5C4F7CDDA8D67251E4 BaseClass: NativeClass:/Script/Engine.DirectionalLight Name:DirectionalLight_UAID_4CCC6A8FA8A91F6301_1148685161 Label:DirectionalLight SpatiallyLoaded:0 Bounds:IsValid=true, Min=(X=-4398046511104.000 Y=-4398046511104.000 Z=-4398046511104.000), Max=(X=4398046511104.000 Y=4398046511104.000 Z=4398046511104.000) RuntimeGrid:None EditorOnly:0 RuntimeOnly:0 HLODRelevant:0
 |   |   |- [+] [ 26]
 |   |   |   |- Guid:48B6DAD9437FA03F24355280960B7134 BaseClass: NativeClass:/Script/Engine.WorldDataLayers Name:WorldDataLayers Label:WorldDataLayers SpatiallyLoaded:0 Bounds:IsValid=true, Min=(X=0.000 Y=0.000 Z=0.000), Max=(X=0.000 Y=0.000 Z=0.000) RuntimeGrid:None EditorOnly:0 RuntimeOnly:0 HLODRelevant:0
 |   |   |- [+] [ 27]
 |   |   |   |- Guid:FF7032DD4C0F6B2051DB92940416B116 BaseClass: NativeClass:/Script/Landscape.LandscapeStreamingProxy Name:LandscapeStreamingProxy_2VI3EE7Z5E0NLF6GQPF6KFOGM_126_3_1_0 Label:LandscapeStreamingProxy_3_1_0 SpatiallyLoaded:1 Bounds:IsValid=true, Min=(X=51320.000 Y=-12600.000 Z=38490.000), Max=(X=63920.000 Y=0.000 Z=38690.000) RuntimeGrid:None EditorOnly:0 RuntimeOnly:0 HLODRelevant:1
 |   |   |- [+] [ 28]
 |   |   |   |- Guid:6D9F86CC4AE81D28BEA198A5A7BAC52D BaseClass: NativeClass:/Script/Engine.StaticMeshActor Name:StaticMeshActor_UAID_4CCC6A8FA8A9DF6601_1409424255 Label:Cube6 SpatiallyLoaded:1 Bounds:IsValid=true, Min=(X=31065.000 Y=445.000 Z=38690.000), Max=(X=31115.000 Y=495.000 Z=38990.000) RuntimeGrid:None EditorOnly:0 RuntimeOnly:0 HLODRelevant:1 FolderPath:Gate FolderGuid:F1AF11BE4B58071BA9B67AABDC090BCA
 |   |   |- [+] [ 29]
 |   |   |   |- Guid:15DCF1D649488F85A1912AA962A1C321 BaseClass: NativeClass:/Script/Engine.StaticMeshActor Name:StaticMeshActor_UAID_4CCC6A8FA8A9DF6601_1409427257 Label:Cube2 SpatiallyLoaded:1 Bounds:IsValid=true, Min=(X=31040.000 Y=430.000 Z=38950.000), Max=(X=31140.000 Y=830.000 Z=39050.000) RuntimeGrid:None EditorOnly:0 RuntimeOnly:0 HLODRelevant:1 FolderPath:Gate FolderGuid:F1AF11BE4B58071BA9B67AABDC090BCA
 |   |   |- [+] [ 30]
 |   |   |   |- Guid:0CCFF0D4423DF40CBD6FE9BC34D6B84F BaseClass: NativeClass:/Script/Engine.StaticMeshActor Name:StaticMeshActor_UAID_4CCC6A8FA8A9B16901_1303514191 Label:bushes_Plane64 SpatiallyLoaded:1 Bounds:IsValid=true, Min=(X=19021.693 Y=-6250.777 Z=38568.385), Max=(X=19200.947 Y=-6126.559 Z=38886.304) RuntimeGrid:None EditorOnly:0 RuntimeOnly:0 HLODRelevant:1
 |   |   |- [+] [ 31]
 |   |   |   |- Guid:8C181D3C47FD38ECD6F85D9BE0C98492 BaseClass:/Game/Models/MainCharacter/MainCharacter.MainCharacter_C NativeClass:/Script/Engine.Character Name:MainCharacter_C_UAID_4CCC6A8FA8A9DE6601_1949825074 Label:MainCharacter SpatiallyLoaded:1 Bounds:IsValid=true, Min=(X=18826.000 Y=-7044.000 Z=38620.000), Max=(X=18894.000 Y=-6976.000 Z=38796.000) RuntimeGrid:None EditorOnly:0 RuntimeOnly:0 HLODRelevant:0
 |   |   |- [+] [ 32]
 |   |   |   |- Guid:ABC5DEF94678C065A542CF9A69B2D811 BaseClass: NativeClass:/Script/Engine.StaticMeshActor Name:StaticMeshActor_UAID_4CCC6A8FA8A9DF6601_1409421253 Label:Cube5 SpatiallyLoaded:1 Bounds:IsValid=true, Min=(X=31065.000 Y=555.000 Z=38690.000), Max=(X=31115.000 Y=605.000 Z=38990.000) RuntimeGrid:None EditorOnly:0 RuntimeOnly:0 HLODRelevant:1 FolderPath:Gate FolderGuid:F1AF11BE4B58071BA9B67AABDC090BCA
 |   |   |- [+] [ 33]
 |   |   |   |- Guid:66F56CE943951604C9B5C6B2EEB2FD4C BaseClass: NativeClass:/Script/Engine.StaticMeshActor Name:StaticMeshActor_UAID_4CCC6A8FA8A9B56901_1986828895 Label:bushes_Plane65 SpatiallyLoaded:1 Bounds:IsValid=true, Min=(X=19171.693 Y=-6250.777 Z=38568.385), Max=(X=19350.947 Y=-6126.559 Z=38886.304) RuntimeGrid:None EditorOnly:0 RuntimeOnly:0 HLODRelevant:1
 |   |   |- [+] [ 34]
 |   |   |   |- Guid:769FDC394345D343802164BE0A0ACBD7 BaseClass: NativeClass:/Script/Engine.StaticMeshActor Name:StaticMeshActor_UAID_4CCC6A8FA8A9B56901_1986834896 Label:bushes_Plane66 SpatiallyLoaded:1 Bounds:IsValid=true, Min=(X=19331.693 Y=-6250.777 Z=38568.385), Max=(X=19510.947 Y=-6126.559 Z=38886.304) RuntimeGrid:None EditorOnly:0 RuntimeOnly:0 HLODRelevant:1
 |   |   |- [+] [ 35]
 |   |   |   |- Guid:09F0B68D487C42475EB54CA38CD5DBC4 BaseClass: NativeClass:/Script/Engine.StaticMeshActor Name:StaticMeshActor_UAID_4CCC6A8FA8A9B56901_1994635897 Label:bushes_Plane67 SpatiallyLoaded:1 Bounds:IsValid=true, Min=(X=19481.693 Y=-6250.777 Z=38568.385), Max=(X=19660.947 Y=-6126.559 Z=38886.304) RuntimeGrid:None EditorOnly:0 RuntimeOnly:0 HLODRelevant:1
 |   |   |- [+] [ 36]
 |   |   |   |- Guid:F4C8A54E4735D9D133D2CDA839710E8A BaseClass: NativeClass:/Script/Engine.StaticMeshActor Name:StaticMeshActor_UAID_4CCC6A8FA8A9B56901_1994637898 Label:bushes_Plane68 SpatiallyLoaded:1 Bounds:IsValid=true, Min=(X=19641.693 Y=-6250.777 Z=38568.385), Max=(X=19820.947 Y=-6126.559 Z=38886.304) RuntimeGrid:None EditorOnly:0 RuntimeOnly:0 HLODRelevant:1
 |   |   |- [+] [ 37]
 |   |   |   |- Guid:112C9EBC40AF14D340AE49888ADF6CAC BaseClass: NativeClass:/Script/Engine.StaticMeshActor Name:StaticMeshActor_UAID_4CCC6A8FA8A9B56901_1994639899 Label:bushes_Plane69 SpatiallyLoaded:1 Bounds:IsValid=true, Min=(X=19791.693 Y=-6250.777 Z=38568.385), Max=(X=19970.947 Y=-6126.559 Z=38886.304) RuntimeGrid:None EditorOnly:0 RuntimeOnly:0 HLODRelevant:1
 |   |   |- [+] [ 38]
 |   |   |   |- Guid:ED314E9A4799A69303498D80DC582E79 BaseClass: NativeClass:/Script/Engine.StaticMeshActor Name:StaticMeshActor_UAID_4CCC6A8FA8A9B56901_1994640900 Label:bushes_Plane70 SpatiallyLoaded:1 Bounds:IsValid=true, Min=(X=19951.693 Y=-6250.777 Z=38568.385), Max=(X=20130.947 Y=-6126.559 Z=38886.304) RuntimeGrid:None EditorOnly:0 RuntimeOnly:0 HLODRelevant:1
 |   |   |- [+] [ 39]
 |   |   |   |- Guid:051EC1C441EA036C613F6B9BBBF1AC64 BaseClass: NativeClass:/Script/Engine.StaticMeshActor Name:StaticMeshActor_UAID_4CCC6A8FA8A9B56901_2015463901 Label:bushes_Plane71 SpatiallyLoaded:1 Bounds:IsValid=true, Min=(X=20101.693 Y=-6250.777 Z=38568.385), Max=(X=20280.947 Y=-6126.559 Z=38886.304) RuntimeGrid:None EditorOnly:0 RuntimeOnly:0 HLODRelevant:1
 |   |   |- [+] [ 40]
 |   |   |   |- Guid:FD8B396148AE347BC567F79BB3623CAD BaseClass: NativeClass:/Script/Engine.StaticMeshActor Name:StaticMeshActor_UAID_4CCC6A8FA8A9B56901_2015466902 Label:bushes_Plane72 SpatiallyLoaded:1 Bounds:IsValid=true, Min=(X=20261.693 Y=-6250.777 Z=38568.385), Max=(X=20440.947 Y=-6126.559 Z=38886.304) RuntimeGrid:None EditorOnly:0 RuntimeOnly:0 HLODRelevant:1
 |   |   |- [+] [ 41]
 |   |   |   |- Guid:5C67490144AEFC31B19EBEA6E7D023BB BaseClass: NativeClass:/Script/Engine.StaticMeshActor Name:StaticMeshActor_UAID_4CCC6A8FA8A9B56901_2015468903 Label:bushes_Plane73 SpatiallyLoaded:1 Bounds:IsValid=true, Min=(X=20411.693 Y=-6250.777 Z=38568.385), Max=(X=20590.947 Y=-6126.559 Z=38886.304) RuntimeGrid:None EditorOnly:0 RuntimeOnly:0 HLODRelevant:1
 |   |   |- [+] [ 42]
 |   |   |   |- Guid:D145363B492515F8CD3403B89C7EEBAF BaseClass: NativeClass:/Script/Engine.StaticMeshActor Name:StaticMeshActor_UAID_4CCC6A8FA8A9B56901_2015470904 Label:bushes_Plane74 SpatiallyLoaded:1 Bounds:IsValid=true, Min=(X=20571.693 Y=-6250.777 Z=38568.385), Max=(X=20750.947 Y=-6126.559 Z=38886.304) RuntimeGrid:None EditorOnly:0 RuntimeOnly:0 HLODRelevant:1
 |   |   |- [+] [ 43]
 |   |   |   |- Guid:C63AE3754E0802BD6E834C9961A972A5 BaseClass: NativeClass:/Script/Engine.StaticMeshActor Name:StaticMeshActor_UAID_4CCC6A8FA8A9B56901_2015473905 Label:bushes_Plane75 SpatiallyLoaded:1 Bounds:IsValid=true, Min=(X=20721.693 Y=-6250.777 Z=38568.385), Max=(X=20900.947 Y=-6126.559 Z=38886.304) RuntimeGrid:None EditorOnly:0 RuntimeOnly:0 HLODRelevant:1
 |   |   |- [+] [ 44]
 |   |   |   |- Guid:9FC9780049A4769AD34F67B8BCE997CD BaseClass: NativeClass:/Script/Engine.StaticMeshActor Name:StaticMeshActor_UAID_4CCC6A8FA8A9B56901_2015475906 Label:bushes_Plane76 SpatiallyLoaded:1 Bounds:IsValid=true, Min=(X=20881.693 Y=-6250.777 Z=38568.385), Max=(X=21060.947 Y=-6126.559 Z=38886.304) RuntimeGrid:None EditorOnly:0 RuntimeOnly:0 HLODRelevant:1
 |   |   |- [+] [ 45]
 |   |   |   |- Guid:0672A4EB47E45785969710AEA58200A2 BaseClass: NativeClass:/Script/Engine.StaticMeshActor Name:StaticMeshActor_UAID_4CCC6A8FA8A9B56901_2015476907 Label:bushes_Plane77 SpatiallyLoaded:1 Bounds:IsValid=true, Min=(X=21031.693 Y=-6250.777 Z=38568.385), Max=(X=21210.947 Y=-6126.559 Z=38886.304) RuntimeGrid:None EditorOnly:0 RuntimeOnly:0 HLODRelevant:1
 |   |   |- [+] [ 46]
 |   |   |   |- Guid:48A2E169495A6C96EFDC1180A102FDB1 BaseClass: NativeClass:/Script/Engine.StaticMeshActor Name:StaticMeshActor_UAID_4CCC6A8FA8A9B56901_2015477908 Label:bushes_Plane78 SpatiallyLoaded:1 Bounds:IsValid=true, Min=(X=21191.693 Y=-6250.777 Z=38568.385), Max=(X=21370.947 Y=-6126.559 Z=38886.304) RuntimeGrid:None EditorOnly:0 RuntimeOnly:0 HLODRelevant:1
 |   |   |- [+] [ 47]
 |   |   |   |- Guid:EAC55206473F70F65010A8B69C2647EE BaseClass: NativeClass:/Script/Engine.StaticMeshActor Name:StaticMeshActor_UAID_4CCC6A8FA8A9B56901_2032636909 Label:bushes_Plane79 SpatiallyLoaded:1 Bounds:IsValid=true, Min=(X=18861.693 Y=-6930.777 Z=38568.385), Max=(X=19040.947 Y=-6806.559 Z=38886.304) RuntimeGrid:None EditorOnly:0 RuntimeOnly:0 HLODRelevant:1
 |   |   |- [+] [ 48]
 |   |   |   |- Guid:7073B71945B3E5B39B387DB0EBA1BC71 BaseClass: NativeClass:/Script/Engine.StaticMeshActor Name:StaticMeshActor_UAID_4CCC6A8FA8A9B56901_2032639910 Label:bushes_Plane80 SpatiallyLoaded:1 Bounds:IsValid=true, Min=(X=19021.693 Y=-6930.777 Z=38568.385), Max=(X=19200.947 Y=-6806.559 Z=38886.304) RuntimeGrid:None EditorOnly:0 RuntimeOnly:0 HLODRelevant:1
 |   |   |- [+] [ 49]
 |   |   |   |- Guid:83D4FF1B4800F9E4D5DF849D2F1D935C BaseClass: NativeClass:/Script/Engine.StaticMeshActor Name:StaticMeshActor_UAID_4CCC6A8FA8A9B56901_2032640911 Label:bushes_Plane81 SpatiallyLoaded:1 Bounds:IsValid=true, Min=(X=19171.693 Y=-6930.777 Z=38568.385), Max=(X=19350.947 Y=-6806.559 Z=38886.304) RuntimeGrid:None EditorOnly:0 RuntimeOnly:0 HLODRelevant:1
 |   |   |- [+] [ 50]
 |   |   |   |- Guid:912CB6FF4F5C4F944E2A5D8E37C7D0BA BaseClass: NativeClass:/Script/Engine.StaticMeshActor Name:StaticMeshActor_UAID_4CCC6A8FA8A9B56901_2032642912 Label:bushes_Plane82 SpatiallyLoaded:1 Bounds:IsValid=true, Min=(X=19331.693 Y=-6930.777 Z=38568.385), Max=(X=19510.947 Y=-6806.559 Z=38886.304) RuntimeGrid:None EditorOnly:0 RuntimeOnly:0 HLODRelevant:1
 |   |   |- [+] [ 51]
 |   |   |   |- Guid:EDAE0809402421879A205488D801DE9E BaseClass: NativeClass:/Script/Engine.StaticMeshActor Name:StaticMeshActor_UAID_4CCC6A8FA8A9B56901_2032644913 Label:bushes_Plane83 SpatiallyLoaded:1 Bounds:IsValid=true, Min=(X=19481.693 Y=-6930.777 Z=38568.385), Max=(X=19660.947 Y=-6806.559 Z=38886.304) RuntimeGrid:None EditorOnly:0 RuntimeOnly:0 HLODRelevant:1
 |   |   |- [+] [ 52]
 |   |   |   |- Guid:BA8D173243871E918C24FC91B05451EA BaseClass: NativeClass:/Script/Engine.StaticMeshActor Name:StaticMeshActor_UAID_4CCC6A8FA8A9B56901_2032647914 Label:bushes_Plane84 SpatiallyLoaded:1 Bounds:IsValid=true, Min=(X=19641.693 Y=-6930.777 Z=38568.385), Max=(X=19820.947 Y=-6806.559 Z=38886.304) RuntimeGrid:None EditorOnly:0 RuntimeOnly:0 HLODRelevant:1
 |   |   |- [+] [ 53]
 |   |   |   |- Guid:319FB8244B5DABE4283DCD92A2B92CC4 BaseClass: NativeClass:/Script/Engine.StaticMeshActor Name:StaticMeshActor_UAID_4CCC6A8FA8A9B56901_2032648915 Label:bushes_Plane85 SpatiallyLoaded:1 Bounds:IsValid=true, Min=(X=19791.693 Y=-6930.777 Z=38568.385), Max=(X=19970.947 Y=-6806.559 Z=38886.304) RuntimeGrid:None EditorOnly:0 RuntimeOnly:0 HLODRelevant:1
 |   |   |- [+] [ 54]
 |   |   |   |- Guid:C2A78852424017A53001EAA002FA92B0 BaseClass: NativeClass:/Script/Engine.StaticMeshActor Name:StaticMeshActor_UAID_4CCC6A8FA8A9B56901_2032650916 Label:bushes_Plane86 SpatiallyLoaded:1 Bounds:IsValid=true, Min=(X=19951.693 Y=-6930.777 Z=38568.385), Max=(X=20130.947 Y=-6806.559 Z=38886.304) RuntimeGrid:None EditorOnly:0 RuntimeOnly:0 HLODRelevant:1
 |   |   |- [+] [ 55]
 |   |   |   |- Guid:E1367FF2454066997D0CA3A91CD207C0 BaseClass: NativeClass:/Script/Engine.StaticMeshActor Name:StaticMeshActor_UAID_4CCC6A8FA8A9B56901_2032651917 Label:bushes_Plane87 SpatiallyLoaded:1 Bounds:IsValid=true, Min=(X=20101.693 Y=-6930.777 Z=38568.385), Max=(X=20280.947 Y=-6806.559 Z=38886.304) RuntimeGrid:None EditorOnly:0 RuntimeOnly:0 HLODRelevant:1
 |   |   |- [+] [ 56]
 |   |   |   |- Guid:11F7FAC84526DAF13D556FB8D822988E BaseClass: NativeClass:/Script/Engine.StaticMeshActor Name:StaticMeshActor_UAID_4CCC6A8FA8A9B56901_2032654918 Label:bushes_Plane88 SpatiallyLoaded:1 Bounds:IsValid=true, Min=(X=20261.693 Y=-6930.777 Z=38568.385), Max=(X=20440.947 Y=-6806.559 Z=38886.304) RuntimeGrid:None EditorOnly:0 RuntimeOnly:0 HLODRelevant:1
 |   |   |- [+] [ 57]
 |   |   |   |- Guid:2520B903490B112B2A4E599DF6F6DBE9 BaseClass: NativeClass:/Script/Engine.StaticMeshActor Name:StaticMeshActor_UAID_4CCC6A8FA8A9B56901_2032655919 Label:bushes_Plane89 SpatiallyLoaded:1 Bounds:IsValid=true, Min=(X=20411.693 Y=-6930.777 Z=38568.385), Max=(X=20590.947 Y=-6806.559 Z=38886.304) RuntimeGrid:None EditorOnly:0 RuntimeOnly:0 HLODRelevant:1
 |   |   |- [+] [ 58]
 |   |   |   |- Guid:107D3FC640C373D0E2C46C9536B167B3 BaseClass: NativeClass:/Script/Engine.StaticMeshActor Name:StaticMeshActor_UAID_4CCC6A8FA8A9B56901_2032657920 Label:bushes_Plane90 SpatiallyLoaded:1 Bounds:IsValid=true, Min=(X=20571.693 Y=-6930.777 Z=38568.385), Max=(X=20750.947 Y=-6806.559 Z=38886.304) RuntimeGrid:None EditorOnly:0 RuntimeOnly:0 HLODRelevant:1
 |   |   |- [+] [ 59]
 |   |   |   |- Guid:4EC91C11449F30BD821E649D53F3D747 BaseClass: NativeClass:/Script/Engine.StaticMeshActor Name:StaticMeshActor_UAID_4CCC6A8FA8A9B56901_2032657921 Label:bushes_Plane91 SpatiallyLoaded:1 Bounds:IsValid=true, Min=(X=20721.693 Y=-6930.777 Z=38568.385), Max=(X=20900.947 Y=-6806.559 Z=38886.304) RuntimeGrid:None EditorOnly:0 RuntimeOnly:0 HLODRelevant:1
 |   |   |- [+] [ 60]
 |   |   |   |- Guid:6939332A4D42122E133D2B8A1856FA01 BaseClass: NativeClass:/Script/Engine.StaticMeshActor Name:StaticMeshActor_UAID_4CCC6A8FA8A9B56901_2032659922 Label:bushes_Plane92 SpatiallyLoaded:1 Bounds:IsValid=true, Min=(X=20881.693 Y=-6930.777 Z=38568.385), Max=(X=21060.947 Y=-6806.559 Z=38886.304) RuntimeGrid:None EditorOnly:0 RuntimeOnly:0 HLODRelevant:1
 |   |   |- [+] [ 61]
 |   |   |   |- Guid:2858ACD84DBE55DD2C6F249102EECBD5 BaseClass: NativeClass:/Script/Engine.StaticMeshActor Name:StaticMeshActor_UAID_4CCC6A8FA8A9B56901_2032660923 Label:bushes_Plane93 SpatiallyLoaded:1 Bounds:IsValid=true, Min=(X=21031.693 Y=-6930.777 Z=38568.385), Max=(X=21210.947 Y=-6806.559 Z=38886.304) RuntimeGrid:None EditorOnly:0 RuntimeOnly:0 HLODRelevant:1
 |   |   |- [+] [ 62]
 |   |   |   |- Guid:62967276465A287348C85FAB8289F2DB BaseClass: NativeClass:/Script/Engine.StaticMeshActor Name:StaticMeshActor_UAID_4CCC6A8FA8A9B56901_2032660924 Label:bushes_Plane94 SpatiallyLoaded:1 Bounds:IsValid=true, Min=(X=21191.693 Y=-6930.777 Z=38568.385), Max=(X=21370.947 Y=-6806.559 Z=38886.304) RuntimeGrid:None EditorOnly:0 RuntimeOnly:0 HLODRelevant:1
 |- ContainerInstances:
 |- [+] MainContainer:
 |   |-        ID: 0x0000000000000000
 |   |-    Bounds: IsValid=true, Min=(X=13520.000 Y=-25200.000 Z=38490.000), Max=(X=63920.000 Y=25200.000 Z=46756.406)
 |   |- Transform: 0.000000,0.000000,0.000000|0.000000,0.000000,-0.000000|1.000000,1.000000,1.000000
 |   |- Container: /Game/Levels/Prologue
----------------------------------------------------------------------------------------------------------------
Prologue - Persistent Level
----------------------------------------------------------------------------------------------------------------
Always loaded Actor Count: 178 

----------------------------------------------------------------------------------------------------------------
Prologue - Runtime Spatial Hash - Streaming Grid - MainGrid
----------------------------------------------------------------------------------------------------------------
            Origin: X=0.000 Y=0.000 Z=0.000
         Cell Size: 12800
      World Bounds: IsValid=true, Min=(X=13520.000 Y=-25200.000 Z=38490.000), Max=(X=63920.000 Y=25200.000 Z=46756.406)
     Loading Range: 25600.00
Block Slow Loading: No
 ClientOnlyVisible: No

[+] Grid Levels: 5
 |- Level  0: Cell Count   16 | Cell Size   12800 | Actor Count   59 (100.0%)
 |- Level  1: Cell Count    0 | Cell Size   25600 | Actor Count    0 (0.0%)
 |- Level  2: Cell Count    0 | Cell Size   51200 | Actor Count    0 (0.0%)
 |- Level  3: Cell Count    0 | Cell Size  102400 | Actor Count    0 (0.0%)
 |- Level  4: Cell Count    0 | Cell Size  204800 | Actor Count    0 (0.0%)

[+] Content of Grid Level 0
 |- [+] Content of Cell MainGrid_L0_X1_Y-1
 |   |- Actor Count: 38
 |   |- MinMaxZ: X=38490.000 Y=38936.777
 |   |- Actor Path: /Game/Levels/Prologue.Prologue:PersistentLevel.LandscapeStreamingProxy_2VI3EE7Z5E0NLF6GQPF6KFOGM_126_0_1_0
 |   |- Actor Package: /Game/__ExternalActors__/Levels/Prologue/0/E6/9QP9QZN6GWZ8O7LL42SLKM
 |   |- Actor Path: /Game/Levels/Prologue.Prologue:PersistentLevel.StaticMeshActor_UAID_4CCC6A8FA8A9B56901_1405879897
 |   |- Actor Package: /Game/__ExternalActors__/Levels/Prologue/0/SB/0VZAAQXV1OIIQZ74088Z4F
 |   |- Actor Path: /Game/Levels/Prologue.Prologue:PersistentLevel.StaticMeshActor_UAID_4CCC6A8FA8A94E6601_1560472773
 |   |- Actor Package: /Game/__ExternalActors__/Levels/Prologue/4/YW/MCS2IPRK5630FNN4PM2G2S
 |   |- Actor Path: /Game/Levels/Prologue.Prologue:PersistentLevel.StaticMeshActor_UAID_4CCC6A8FA8A94E6601_1797179777
 |   |- Actor Package: /Game/__ExternalActors__/Levels/Prologue/5/BP/FH5VFFGEHHXNTJI8STGRAO
 |   |- Actor Path: /Game/Levels/Prologue.Prologue:PersistentLevel.StaticMeshActor_UAID_4CCC6A8FA8A94E6601_1700232775
 |   |- Actor Package: /Game/__ExternalActors__/Levels/Prologue/5/T9/UZ0BWR27UL532V6XKRIYOD
 |   |- Actor Path: /Game/Levels/Prologue.Prologue:PersistentLevel.StaticMeshActor_UAID_4CCC6A8FA8A98F6601_1741218044
 |   |- Actor Package: /Game/__ExternalActors__/Levels/Prologue/6/N0/GHQQEYFCQOTFJC9T0O5VZE
 |   |- Actor Path: /Game/Levels/Prologue.Prologue:PersistentLevel.StaticMeshActor_UAID_4CCC6A8FA8A9B16901_1303514191
 |   |- Actor Package: /Game/__ExternalActors__/Levels/Prologue/D/5W/IYB3J2MU37KKTDIAPUI9KP
 |   |- Actor Path: /Game/Levels/Prologue.Prologue:PersistentLevel.MainCharacter_C_UAID_4CCC6A8FA8A9DE6601_1949825074
 |   |- Actor Package: /Game/__ExternalActors__/Levels/Prologue/D/LW/UEJNV4SAKT694OLKLR6SHG
 |   |- Actor Path: /Game/Levels/Prologue.Prologue:PersistentLevel.StaticMeshActor_UAID_4CCC6A8FA8A9B56901_1986828895
 |   |- Actor Package: /Game/__ExternalActors__/Levels/Prologue/6/98/WNUQ4L92V1Z9TTA71V9WLK
 |   |- Actor Path: /Game/Levels/Prologue.Prologue:PersistentLevel.StaticMeshActor_UAID_4CCC6A8FA8A9B56901_1986834896
 |   |- Actor Package: /Game/__ExternalActors__/Levels/Prologue/0/K0/UF72QF9G4JCKKXUF5JRGXH
 |   |- Actor Path: /Game/Levels/Prologue.Prologue:PersistentLevel.StaticMeshActor_UAID_4CCC6A8FA8A9B56901_1994635897
 |   |- Actor Package: /Game/__ExternalActors__/Levels/Prologue/6/GP/1C934Y02WGXIQ2NIK34JTO
 |   |- Actor Path: /Game/Levels/Prologue.Prologue:PersistentLevel.StaticMeshActor_UAID_4CCC6A8FA8A9B56901_1994637898
 |   |- Actor Package: /Game/__ExternalActors__/Levels/Prologue/1/VD/JN8J1NOGF8H7FQ2WM8UKZ5
 |   |- Actor Path: /Game/Levels/Prologue.Prologue:PersistentLevel.StaticMeshActor_UAID_4CCC6A8FA8A9B56901_1994639899
 |   |- Actor Package: /Game/__ExternalActors__/Levels/Prologue/D/HU/6P1R5PU193P2LWR4WOT6VJ
 |   |- Actor Path: /Game/Levels/Prologue.Prologue:PersistentLevel.StaticMeshActor_UAID_4CCC6A8FA8A9B56901_1994640900
 |   |- Actor Package: /Game/__ExternalActors__/Levels/Prologue/5/PW/MZB96VVRLZET0S11SIRU36
 |   |- Actor Path: /Game/Levels/Prologue.Prologue:PersistentLevel.StaticMeshActor_UAID_4CCC6A8FA8A9B56901_2015463901
 |   |- Actor Package: /Game/__ExternalActors__/Levels/Prologue/8/0M/ZL2ZZKO9FQFHF2CXHZII2R
 |   |- Actor Path: /Game/Levels/Prologue.Prologue:PersistentLevel.StaticMeshActor_UAID_4CCC6A8FA8A9B56901_2015466902
 |   |- Actor Package: /Game/__ExternalActors__/Levels/Prologue/5/CH/LV32CVS7EKV96FM0XFVT02
 |   |- Actor Path: /Game/Levels/Prologue.Prologue:PersistentLevel.StaticMeshActor_UAID_4CCC6A8FA8A9B56901_2015468903
 |   |- Actor Package: /Game/__ExternalActors__/Levels/Prologue/2/WZ/ZWKBU31R7YK7JUE3XARKX0
 |   |- Actor Path: /Game/Levels/Prologue.Prologue:PersistentLevel.StaticMeshActor_UAID_4CCC6A8FA8A9B56901_2015470904
 |   |- Actor Package: /Game/__ExternalActors__/Levels/Prologue/1/25/E77KG6PMOFGB762V2BC1RN
 |   |- Actor Path: /Game/Levels/Prologue.Prologue:PersistentLevel.StaticMeshActor_UAID_4CCC6A8FA8A9B56901_2015473905
 |   |- Actor Package: /Game/__ExternalActors__/Levels/Prologue/3/97/T9AHYNNWJIN9QE1TZMDL6K
 |   |- Actor Path: /Game/Levels/Prologue.Prologue:PersistentLevel.StaticMeshActor_UAID_4CCC6A8FA8A9B56901_2015475906
 |   |- Actor Package: /Game/__ExternalActors__/Levels/Prologue/9/8Q/BBEK22I0JVJ2MLAB38HZ4Z
 |   |- Actor Path: /Game/Levels/Prologue.Prologue:PersistentLevel.StaticMeshActor_UAID_4CCC6A8FA8A9B56901_2015476907
 |   |- Actor Package: /Game/__ExternalActors__/Levels/Prologue/C/RU/J72HF1NFM4OQDVEE6IUL0G
 |   |- Actor Path: /Game/Levels/Prologue.Prologue:PersistentLevel.StaticMeshActor_UAID_4CCC6A8FA8A9B56901_2015477908
 |   |- Actor Package: /Game/__ExternalActors__/Levels/Prologue/E/EA/RDY7AUVMQ0QMTYTJZ00Z35
 |   |- Actor Path: /Game/Levels/Prologue.Prologue:PersistentLevel.StaticMeshActor_UAID_4CCC6A8FA8A9B56901_2032636909
 |   |- Actor Package: /Game/__ExternalActors__/Levels/Prologue/F/0L/7ULVV5TTS8HYZ5U0T8JXD6
 |   |- Actor Path: /Game/Levels/Prologue.Prologue:PersistentLevel.StaticMeshActor_UAID_4CCC6A8FA8A9B56901_2032639910
 |   |- Actor Package: /Game/__ExternalActors__/Levels/Prologue/1/HX/RAQYIZ9BGIGAY5CQ9HPMHY
 |   |- Actor Path: /Game/Levels/Prologue.Prologue:PersistentLevel.StaticMeshActor_UAID_4CCC6A8FA8A9B56901_2032640911
 |   |- Actor Package: /Game/__ExternalActors__/Levels/Prologue/9/RS/IPV2G329L5ZT4X80A483D2
 |   |- Actor Path: /Game/Levels/Prologue.Prologue:PersistentLevel.StaticMeshActor_UAID_4CCC6A8FA8A9B56901_2032642912
 |   |- Actor Package: /Game/__ExternalActors__/Levels/Prologue/D/W7/4O9UGP5CLZLCH0WE2WWKGY
 |   |- Actor Path: /Game/Levels/Prologue.Prologue:PersistentLevel.StaticMeshActor_UAID_4CCC6A8FA8A9B56901_2032644913
 |   |- Actor Package: /Game/__ExternalActors__/Levels/Prologue/7/X9/CAOX2P4COXPI2GHN6NWYOR
 |   |- Actor Path: /Game/Levels/Prologue.Prologue:PersistentLevel.StaticMeshActor_UAID_4CCC6A8FA8A9B56901_2032647914
 |   |- Actor Package: /Game/__ExternalActors__/Levels/Prologue/D/SN/WOT6F6NK3C175DH7D7APWM
 |   |- Actor Path: /Game/Levels/Prologue.Prologue:PersistentLevel.StaticMeshActor_UAID_4CCC6A8FA8A9B56901_2032648915
 |   |- Actor Package: /Game/__ExternalActors__/Levels/Prologue/1/0L/6UZ7C03H4WIBEIL8VU48NB
 |   |- Actor Path: /Game/Levels/Prologue.Prologue:PersistentLevel.StaticMeshActor_UAID_4CCC6A8FA8A9B56901_2032650916
 |   |- Actor Package: /Game/__ExternalActors__/Levels/Prologue/4/CE/DNTEQ9K7QP335JKWARZX6Q
 |   |- Actor Path: /Game/Levels/Prologue.Prologue:PersistentLevel.StaticMeshActor_UAID_4CCC6A8FA8A9B56901_2032651917
 |   |- Actor Package: /Game/__ExternalActors__/Levels/Prologue/3/12/CJ3WQTQQUX0UXHDESIN3LU
 |   |- Actor Path: /Game/Levels/Prologue.Prologue:PersistentLevel.StaticMeshActor_UAID_4CCC6A8FA8A9B56901_2032654918
 |   |- Actor Package: /Game/__ExternalActors__/Levels/Prologue/1/2O/OVIEJQUUHJLI8HMW45DK60
 |   |- Actor Path: /Game/Levels/Prologue.Prologue:PersistentLevel.StaticMeshActor_UAID_4CCC6A8FA8A9B56901_2032655919
 |   |- Actor Package: /Game/__ExternalActors__/Levels/Prologue/5/LF/N8E5D0YBUO5KS2WC2QQ396
 |   |- Actor Path: /Game/Levels/Prologue.Prologue:PersistentLevel.StaticMeshActor_UAID_4CCC6A8FA8A9B56901_2032657920
 |   |- Actor Package: /Game/__ExternalActors__/Levels/Prologue/6/LI/9G6CJ2PH1R69IS1NU5WDBT
 |   |- Actor Path: /Game/Levels/Prologue.Prologue:PersistentLevel.StaticMeshActor_UAID_4CCC6A8FA8A9B56901_2032657921
 |   |- Actor Package: /Game/__ExternalActors__/Levels/Prologue/4/F2/N499XNTXOPTGE6RAG854Q0
 |   |- Actor Path: /Game/Levels/Prologue.Prologue:PersistentLevel.StaticMeshActor_UAID_4CCC6A8FA8A9B56901_2032659922
 |   |- Actor Package: /Game/__ExternalActors__/Levels/Prologue/0/LD/XRYX5J3GMP4G9YOSD62AIK
 |   |- Actor Path: /Game/Levels/Prologue.Prologue:PersistentLevel.StaticMeshActor_UAID_4CCC6A8FA8A9B56901_2032660923
 |   |- Actor Package: /Game/__ExternalActors__/Levels/Prologue/2/SJ/CIL4UIFELQKLTVIV73ASBH
 |   |- Actor Path: /Game/Levels/Prologue.Prologue:PersistentLevel.StaticMeshActor_UAID_4CCC6A8FA8A9B56901_2032660924
 |   |- Actor Package: /Game/__ExternalActors__/Levels/Prologue/8/FZ/ZU04XQW41Y0R76650ZUS7D
 |- [+] Content of Cell MainGrid_L0_X1_Y1
 |   |- Actor Count: 1
 |   |- MinMaxZ: X=38490.000 Y=38690.000
 |   |- Actor Path: /Game/Levels/Prologue.Prologue:PersistentLevel.LandscapeStreamingProxy_2VI3EE7Z5E0NLF6GQPF6KFOGM_126_0_3_0
 |   |- Actor Package: /Game/__ExternalActors__/Levels/Prologue/0/VV/QYAJ72MUL61ZVCTATGCHS2
 |- [+] Content of Cell MainGrid_L0_X3_Y1
 |   |- Actor Count: 1
 |   |- MinMaxZ: X=38490.000 Y=38690.000
 |   |- Actor Path: /Game/Levels/Prologue.Prologue:PersistentLevel.LandscapeStreamingProxy_2VI3EE7Z5E0NLF6GQPF6KFOGM_126_2_3_0
 |   |- Actor Package: /Game/__ExternalActors__/Levels/Prologue/0/ZA/BUQ0VK5BGY30JSGF2MF9AF
 |- [+] Content of Cell MainGrid_L0_X1_Y0
 |   |- Actor Count: 1
 |   |- MinMaxZ: X=38490.000 Y=38690.000
 |   |- Actor Path: /Game/Levels/Prologue.Prologue:PersistentLevel.LandscapeStreamingProxy_2VI3EE7Z5E0NLF6GQPF6KFOGM_126_0_2_0
 |   |- Actor Package: /Game/__ExternalActors__/Levels/Prologue/2/SJ/7LD6UGE5OQJO7JRKGDOVZJ
 |- [+] Content of Cell MainGrid_L0_X2_Y-2
 |   |- Actor Count: 1
 |   |- MinMaxZ: X=38490.000 Y=38690.000
 |   |- Actor Path: /Game/Levels/Prologue.Prologue:PersistentLevel.LandscapeStreamingProxy_2VI3EE7Z5E0NLF6GQPF6KFOGM_126_1_0_0
 |   |- Actor Package: /Game/__ExternalActors__/Levels/Prologue/3/DR/9B1YGB35MXKSF7PVCMLZR7
 |- [+] Content of Cell MainGrid_L0_X4_Y0
 |   |- Actor Count: 1
 |   |- MinMaxZ: X=38490.000 Y=38690.000
 |   |- Actor Path: /Game/Levels/Prologue.Prologue:PersistentLevel.LandscapeStreamingProxy_2VI3EE7Z5E0NLF6GQPF6KFOGM_126_3_2_0
 |   |- Actor Package: /Game/__ExternalActors__/Levels/Prologue/3/SZ/TI1QQI96351YJQKAZ26LZE
 |- [+] Content of Cell MainGrid_L0_X4_Y1
 |   |- Actor Count: 1
 |   |- MinMaxZ: X=38490.000 Y=38690.000
 |   |- Actor Path: /Game/Levels/Prologue.Prologue:PersistentLevel.LandscapeStreamingProxy_2VI3EE7Z5E0NLF6GQPF6KFOGM_126_3_3_0
 |   |- Actor Package: /Game/__ExternalActors__/Levels/Prologue/4/OK/5M6QT2ZE8HTEEYWOWPGMMT
 |- [+] Content of Cell MainGrid_L0_X3_Y-2
 |   |- Actor Count: 1
 |   |- MinMaxZ: X=38490.000 Y=38690.000
 |   |- Actor Path: /Game/Levels/Prologue.Prologue:PersistentLevel.LandscapeStreamingProxy_2VI3EE7Z5E0NLF6GQPF6KFOGM_126_2_0_0
 |   |- Actor Package: /Game/__ExternalActors__/Levels/Prologue/5/TG/NA1GQP8HXBAPWG74TAX6JH
 |- [+] Content of Cell MainGrid_L0_X1_Y-2
 |   |- Actor Count: 1
 |   |- MinMaxZ: X=38490.000 Y=38690.000
 |   |- Actor Path: /Game/Levels/Prologue.Prologue:PersistentLevel.LandscapeStreamingProxy_2VI3EE7Z5E0NLF6GQPF6KFOGM_126_0_0_0
 |   |- Actor Package: /Game/__ExternalActors__/Levels/Prologue/6/6P/XGNQHEO88MF9EL6IFW52VM
 |- [+] Content of Cell MainGrid_L0_X2_Y-1
 |   |- Actor Count: 1
 |   |- MinMaxZ: X=38490.000 Y=44682.188
 |   |- Actor Path: /Game/Levels/Prologue.Prologue:PersistentLevel.LandscapeStreamingProxy_2VI3EE7Z5E0NLF6GQPF6KFOGM_126_1_1_0
 |   |- Actor Package: /Game/__ExternalActors__/Levels/Prologue/6/JO/31S9RBWZLGP1PJNUMK5DZB
 |- [+] Content of Cell MainGrid_L0_X4_Y-2
 |   |- Actor Count: 1
 |   |- MinMaxZ: X=38490.000 Y=38690.000
 |   |- Actor Path: /Game/Levels/Prologue.Prologue:PersistentLevel.LandscapeStreamingProxy_2VI3EE7Z5E0NLF6GQPF6KFOGM_126_3_0_0
 |   |- Actor Package: /Game/__ExternalActors__/Levels/Prologue/6/OD/SILLZJKJJD5I2WPYR5NAX1
 |- [+] Content of Cell MainGrid_L0_X3_Y0
 |   |- Actor Count: 1
 |   |- MinMaxZ: X=38590.000 Y=46756.406
 |   |- Actor Path: /Game/Levels/Prologue.Prologue:PersistentLevel.LandscapeStreamingProxy_2VI3EE7Z5E0NLF6GQPF6KFOGM_126_2_2_0
 |   |- Actor Package: /Game/__ExternalActors__/Levels/Prologue/6/PK/XF5QF0SIPBGXQHKLKYEA0C
 |- [+] Content of Cell MainGrid_L0_X2_Y1
 |   |- Actor Count: 1
 |   |- MinMaxZ: X=38490.000 Y=38690.000
 |   |- Actor Path: /Game/Levels/Prologue.Prologue:PersistentLevel.LandscapeStreamingProxy_2VI3EE7Z5E0NLF6GQPF6KFOGM_126_1_3_0
 |   |- Actor Package: /Game/__ExternalActors__/Levels/Prologue/7/8L/LFDBL0F59H1WWQ03FJ44K0
 |- [+] Content of Cell MainGrid_L0_X3_Y-1
 |   |- Actor Count: 1
 |   |- MinMaxZ: X=38490.000 Y=45090.000
 |   |- Actor Path: /Game/Levels/Prologue.Prologue:PersistentLevel.LandscapeStreamingProxy_2VI3EE7Z5E0NLF6GQPF6KFOGM_126_2_1_0
 |   |- Actor Package: /Game/__ExternalActors__/Levels/Prologue/7/EG/18TRLGZY7Q00VY2NU04OSV
 |- [+] Content of Cell MainGrid_L0_X2_Y0
 |   |- Actor Count: 7
 |   |- MinMaxZ: X=38490.000 Y=44682.188
 |   |- Actor Path: /Game/Levels/Prologue.Prologue:PersistentLevel.LandscapeStreamingProxy_2VI3EE7Z5E0NLF6GQPF6KFOGM_126_1_2_0
 |   |- Actor Package: /Game/__ExternalActors__/Levels/Prologue/7/TS/1SU244HGF1NXLOHRF5XHM9
 |   |- Actor Path: /Game/Levels/Prologue.Prologue:PersistentLevel.StaticMeshActor_UAID_4CCC6A8FA8A9DF6601_1409416251
 |   |- Actor Package: /Game/__ExternalActors__/Levels/Prologue/A/C3/UE88QVICJD6D63BRRXPVFX
 |   |- Actor Path: /Game/Levels/Prologue.Prologue:PersistentLevel.StaticMeshActor_UAID_4CCC6A8FA8A9DF6601_1409425256
 |   |- Actor Package: /Game/__ExternalActors__/Levels/Prologue/A/PX/9LW5RJ1X3C7VJHFTRWZO2P
 |   |- Actor Path: /Game/Levels/Prologue.Prologue:PersistentLevel.StaticMeshActor_UAID_4CCC6A8FA8A9DF6601_1409423254
 |   |- Actor Package: /Game/__ExternalActors__/Levels/Prologue/B/OZ/DYUK1Z9S6Q6BQM504CBNTV
 |   |- Actor Path: /Game/Levels/Prologue.Prologue:PersistentLevel.StaticMeshActor_UAID_4CCC6A8FA8A9DF6601_1409424255
 |   |- Actor Package: /Game/__ExternalActors__/Levels/Prologue/D/25/7VVNQU667GLQL1SIJUSK8D
 |   |- Actor Path: /Game/Levels/Prologue.Prologue:PersistentLevel.StaticMeshActor_UAID_4CCC6A8FA8A9DF6601_1409427257
 |   |- Actor Package: /Game/__ExternalActors__/Levels/Prologue/D/5A/GZ0BXCGL4HKGP1SG2PSMV2
 |   |- Actor Path: /Game/Levels/Prologue.Prologue:PersistentLevel.StaticMeshActor_UAID_4CCC6A8FA8A9DF6601_1409421253
 |   |- Actor Package: /Game/__ExternalActors__/Levels/Prologue/E/DU/UH2I40OXRNS60YJB0DL49E
 |- [+] Content of Cell MainGrid_L0_X4_Y-1
 |   |- Actor Count: 1
 |   |- MinMaxZ: X=38490.000 Y=38690.000
 |   |- Actor Path: /Game/Levels/Prologue.Prologue:PersistentLevel.LandscapeStreamingProxy_2VI3EE7Z5E0NLF6GQPF6KFOGM_126_3_1_0
 |   |- Actor Package: /Game/__ExternalActors__/Levels/Prologue/D/0N/C6OMLL4CQ62XOP3E96SEL2
[+] Content of Grid Level 1
[+] Content of Grid Level 2
[+] Content of Grid Level 3
[+] Content of Grid Level 4

